2021-08-10 00:00:24,593 INFO 4436 [egg-sequelize](1ms) Executed (default): SELECT 1+1 AS result
2021-08-10 00:00:24,594 INFO 4436 [egg-sequelize](2ms) Executed (default): CREATE TABLE IF NOT EXISTS `attributes` (`id` INTEGER NOT NULL auto_increment , `name` VARCHAR(255), `code` VARCHAR(255), `options` VARCHAR(255), `input_mode` VARCHAR(255), `allow_custom_options` TINYINT(1), `created_at` DATETIME NOT NULL, `updated_at` DATETIME NOT NULL, PRIMARY KEY (`id`)) ENGINE=InnoDB;
2021-08-10 00:00:24,598 INFO 4436 [egg-sequelize](3ms) Executed (default): SHOW INDEX FROM `attributes` FROM `demo`
2021-08-10 00:00:24,601 INFO 4436 [egg-sequelize](2ms) Executed (default): CREATE TABLE IF NOT EXISTS `goods` (`id` INTEGER NOT NULL auto_increment , `name` VARCHAR(255), `code` VARCHAR(255), `type` VARCHAR(255), `label` VARCHAR(255), `status` VARCHAR(255), `sales_category` VARCHAR(255), `goods_category` VARCHAR(255), `main_image` VARCHAR(255), `description` VARCHAR(255), `created_time` VARCHAR(255), `updated_time` VARCHAR(255), `created_at` DATETIME NOT NULL, `updated_at` DATETIME NOT NULL, PRIMARY KEY (`id`)) ENGINE=InnoDB;
2021-08-10 00:00:24,603 INFO 4436 [egg-sequelize](2ms) Executed (default): SHOW INDEX FROM `goods` FROM `demo`
2021-08-10 00:00:24,605 INFO 4436 [egg-sequelize](1ms) Executed (default): CREATE TABLE IF NOT EXISTS `goods_categories` (`id` INTEGER NOT NULL auto_increment , `name` VARCHAR(255), `attributes` VARCHAR(255), `extend` VARCHAR(255), `parent` VARCHAR(255), `priority` VARCHAR(255), `created_at` DATETIME NOT NULL, `updated_at` DATETIME NOT NULL, PRIMARY KEY (`id`)) ENGINE=InnoDB;
2021-08-10 00:00:24,607 INFO 4436 [egg-sequelize](1ms) Executed (default): SHOW INDEX FROM `goods_categories` FROM `demo`
2021-08-10 00:00:24,610 INFO 4436 [egg-sequelize](2ms) Executed (default): CREATE TABLE IF NOT EXISTS `sales_categories` (`id` INTEGER NOT NULL auto_increment , `name` VARCHAR(255), `extend` VARCHAR(255), `parent` VARCHAR(255), `priority` VARCHAR(255), `bind_goods` VARCHAR(255), `use_bind_goods` TINYINT(1), `created_at` DATETIME NOT NULL, `updated_at` DATETIME NOT NULL, PRIMARY KEY (`id`)) ENGINE=InnoDB;
2021-08-10 00:00:24,611 INFO 4436 [egg-sequelize](1ms) Executed (default): SHOW INDEX FROM `sales_categories` FROM `demo`
2021-08-10 00:00:58,888 INFO 11092 [egg-sequelize](1ms) Executed (default): SELECT 1+1 AS result
2021-08-10 00:00:58,889 INFO 11092 [egg-sequelize](2ms) Executed (default): CREATE TABLE IF NOT EXISTS `attributes` (`id` INTEGER NOT NULL auto_increment , `name` VARCHAR(255), `code` VARCHAR(255), `options` VARCHAR(255), `input_mode` VARCHAR(255), `allow_custom_options` TINYINT(1), `created_at` DATETIME NOT NULL, `updated_at` DATETIME NOT NULL, PRIMARY KEY (`id`)) ENGINE=InnoDB;
2021-08-10 00:00:58,893 INFO 11092 [egg-sequelize](3ms) Executed (default): SHOW INDEX FROM `attributes` FROM `demo`
2021-08-10 00:00:58,896 INFO 11092 [egg-sequelize](2ms) Executed (default): CREATE TABLE IF NOT EXISTS `goods` (`id` INTEGER NOT NULL auto_increment , `name` VARCHAR(255), `code` VARCHAR(255), `type` VARCHAR(255), `label` VARCHAR(255), `status` VARCHAR(255), `sales_category` VARCHAR(255), `goods_category` VARCHAR(255), `main_image` VARCHAR(255), `description` VARCHAR(255), `created_time` VARCHAR(255), `updated_time` VARCHAR(255), `created_at` DATETIME NOT NULL, `updated_at` DATETIME NOT NULL, PRIMARY KEY (`id`)) ENGINE=InnoDB;
2021-08-10 00:00:58,898 INFO 11092 [egg-sequelize](1ms) Executed (default): SHOW INDEX FROM `goods` FROM `demo`
2021-08-10 00:00:58,901 INFO 11092 [egg-sequelize](2ms) Executed (default): CREATE TABLE IF NOT EXISTS `goods_categories` (`id` INTEGER NOT NULL auto_increment , `name` VARCHAR(255), `attributes` VARCHAR(255), `extend` VARCHAR(255), `parent` VARCHAR(255), `priority` VARCHAR(255), `created_at` DATETIME NOT NULL, `updated_at` DATETIME NOT NULL, PRIMARY KEY (`id`)) ENGINE=InnoDB;
2021-08-10 00:00:58,902 INFO 11092 [egg-sequelize](1ms) Executed (default): SHOW INDEX FROM `goods_categories` FROM `demo`
2021-08-10 00:00:58,905 INFO 11092 [egg-sequelize](2ms) Executed (default): CREATE TABLE IF NOT EXISTS `sales_categories` (`id` INTEGER NOT NULL auto_increment , `name` VARCHAR(255), `extend` VARCHAR(255), `parent` VARCHAR(255), `priority` VARCHAR(255), `bind_goods` VARCHAR(255), `use_bind_goods` TINYINT(1), `created_at` DATETIME NOT NULL, `updated_at` DATETIME NOT NULL, PRIMARY KEY (`id`)) ENGINE=InnoDB;
2021-08-10 00:00:58,907 INFO 11092 [egg-sequelize](1ms) Executed (default): SHOW INDEX FROM `sales_categories` FROM `demo`
2021-08-10 00:01:04,705 INFO 4852 [egg-sequelize](1ms) Executed (default): SELECT 1+1 AS result
2021-08-10 00:01:04,706 INFO 4852 [egg-sequelize](2ms) Executed (default): CREATE TABLE IF NOT EXISTS `attributes` (`id` INTEGER NOT NULL auto_increment , `name` VARCHAR(255), `code` VARCHAR(255), `options` VARCHAR(255), `input_mode` VARCHAR(255), `allow_custom_options` TINYINT(1), `created_at` DATETIME NOT NULL, `updated_at` DATETIME NOT NULL, PRIMARY KEY (`id`)) ENGINE=InnoDB;
2021-08-10 00:01:04,710 INFO 4852 [egg-sequelize](3ms) Executed (default): SHOW INDEX FROM `attributes` FROM `demo`
2021-08-10 00:01:04,713 INFO 4852 [egg-sequelize](2ms) Executed (default): CREATE TABLE IF NOT EXISTS `goods` (`id` INTEGER NOT NULL auto_increment , `name` VARCHAR(255), `code` VARCHAR(255), `type` VARCHAR(255), `label` VARCHAR(255), `status` VARCHAR(255), `sales_category` VARCHAR(255), `goods_category` VARCHAR(255), `main_image` VARCHAR(255), `description` VARCHAR(255), `created_time` VARCHAR(255), `updated_time` VARCHAR(255), `created_at` DATETIME NOT NULL, `updated_at` DATETIME NOT NULL, PRIMARY KEY (`id`)) ENGINE=InnoDB;
2021-08-10 00:01:04,715 INFO 4852 [egg-sequelize](1ms) Executed (default): SHOW INDEX FROM `goods` FROM `demo`
2021-08-10 00:01:04,718 INFO 4852 [egg-sequelize](2ms) Executed (default): CREATE TABLE IF NOT EXISTS `goods_categories` (`id` INTEGER NOT NULL auto_increment , `name` VARCHAR(255), `attributes` VARCHAR(255), `extend` VARCHAR(255), `parent` VARCHAR(255), `priority` VARCHAR(255), `created_at` DATETIME NOT NULL, `updated_at` DATETIME NOT NULL, PRIMARY KEY (`id`)) ENGINE=InnoDB;
2021-08-10 00:01:04,719 INFO 4852 [egg-sequelize](1ms) Executed (default): SHOW INDEX FROM `goods_categories` FROM `demo`
2021-08-10 00:01:04,722 INFO 4852 [egg-sequelize](2ms) Executed (default): CREATE TABLE IF NOT EXISTS `sales_categories` (`id` INTEGER NOT NULL auto_increment , `name` VARCHAR(255), `extend` VARCHAR(255), `parent` VARCHAR(255), `priority` VARCHAR(255), `bind_goods` VARCHAR(255), `use_bind_goods` TINYINT(1), `created_at` DATETIME NOT NULL, `updated_at` DATETIME NOT NULL, PRIMARY KEY (`id`)) ENGINE=InnoDB;
2021-08-10 00:01:04,724 INFO 4852 [egg-sequelize](2ms) Executed (default): SHOW INDEX FROM `sales_categories` FROM `demo`
2021-08-10 00:01:30,093 INFO 10732 [egg-sequelize](1ms) Executed (default): SELECT 1+1 AS result
2021-08-10 00:01:30,095 INFO 10732 [egg-sequelize](2ms) Executed (default): CREATE TABLE IF NOT EXISTS `attributes` (`id` INTEGER NOT NULL auto_increment , `name` VARCHAR(255), `code` VARCHAR(255), `options` VARCHAR(255), `input_mode` VARCHAR(255), `allow_custom_options` TINYINT(1), `created_at` DATETIME NOT NULL, `updated_at` DATETIME NOT NULL, PRIMARY KEY (`id`)) ENGINE=InnoDB;
2021-08-10 00:01:30,099 INFO 10732 [egg-sequelize](3ms) Executed (default): SHOW INDEX FROM `attributes` FROM `demo`
2021-08-10 00:01:30,102 INFO 10732 [egg-sequelize](2ms) Executed (default): CREATE TABLE IF NOT EXISTS `goods` (`id` INTEGER NOT NULL auto_increment , `name` VARCHAR(255), `code` VARCHAR(255), `type` VARCHAR(255), `label` VARCHAR(255), `status` VARCHAR(255), `sales_category` VARCHAR(255), `goods_category` VARCHAR(255), `main_image` VARCHAR(255), `description` VARCHAR(255), `created_time` VARCHAR(255), `updated_time` VARCHAR(255), `created_at` DATETIME NOT NULL, `updated_at` DATETIME NOT NULL, PRIMARY KEY (`id`)) ENGINE=InnoDB;
2021-08-10 00:01:30,104 INFO 10732 [egg-sequelize](2ms) Executed (default): SHOW INDEX FROM `goods` FROM `demo`
2021-08-10 00:01:30,107 INFO 10732 [egg-sequelize](2ms) Executed (default): CREATE TABLE IF NOT EXISTS `goods_categories` (`id` INTEGER NOT NULL auto_increment , `name` VARCHAR(255), `attributes` VARCHAR(255), `extend` VARCHAR(255), `parent` VARCHAR(255), `priority` VARCHAR(255), `created_at` DATETIME NOT NULL, `updated_at` DATETIME NOT NULL, PRIMARY KEY (`id`)) ENGINE=InnoDB;
2021-08-10 00:01:30,109 INFO 10732 [egg-sequelize](2ms) Executed (default): SHOW INDEX FROM `goods_categories` FROM `demo`
2021-08-10 00:01:30,139 INFO 10732 [egg-sequelize](30ms) Executed (default): CREATE TABLE IF NOT EXISTS `goods_labels` (`id` INTEGER NOT NULL auto_increment , `name` VARCHAR(255), `code` VARCHAR(255), `created_at` DATETIME NOT NULL, `updated_at` DATETIME NOT NULL, PRIMARY KEY (`id`)) ENGINE=InnoDB;
2021-08-10 00:01:30,144 INFO 10732 [egg-sequelize](4ms) Executed (default): SHOW INDEX FROM `goods_labels` FROM `demo`
2021-08-10 00:01:30,146 INFO 10732 [egg-sequelize](1ms) Executed (default): CREATE TABLE IF NOT EXISTS `sales_categories` (`id` INTEGER NOT NULL auto_increment , `name` VARCHAR(255), `extend` VARCHAR(255), `parent` VARCHAR(255), `priority` VARCHAR(255), `bind_goods` VARCHAR(255), `use_bind_goods` TINYINT(1), `created_at` DATETIME NOT NULL, `updated_at` DATETIME NOT NULL, PRIMARY KEY (`id`)) ENGINE=InnoDB;
2021-08-10 00:01:30,148 INFO 10732 [egg-sequelize](1ms) Executed (default): SHOW INDEX FROM `sales_categories` FROM `demo`
2021-08-10 00:01:36,684 INFO 10224 [egg-sequelize](1ms) Executed (default): SELECT 1+1 AS result
2021-08-10 00:01:36,685 INFO 10224 [egg-sequelize](2ms) Executed (default): CREATE TABLE IF NOT EXISTS `attributes` (`id` INTEGER NOT NULL auto_increment , `name` VARCHAR(255), `code` VARCHAR(255), `options` VARCHAR(255), `input_mode` VARCHAR(255), `allow_custom_options` TINYINT(1), `created_at` DATETIME NOT NULL, `updated_at` DATETIME NOT NULL, PRIMARY KEY (`id`)) ENGINE=InnoDB;
2021-08-10 00:01:36,691 INFO 10224 [egg-sequelize](5ms) Executed (default): SHOW INDEX FROM `attributes` FROM `demo`
2021-08-10 00:01:36,694 INFO 10224 [egg-sequelize](2ms) Executed (default): CREATE TABLE IF NOT EXISTS `goods` (`id` INTEGER NOT NULL auto_increment , `name` VARCHAR(255), `code` VARCHAR(255), `type` VARCHAR(255), `label` VARCHAR(255), `status` VARCHAR(255), `sales_category` VARCHAR(255), `goods_category` VARCHAR(255), `main_image` VARCHAR(255), `description` VARCHAR(255), `created_time` VARCHAR(255), `updated_time` VARCHAR(255), `created_at` DATETIME NOT NULL, `updated_at` DATETIME NOT NULL, PRIMARY KEY (`id`)) ENGINE=InnoDB;
2021-08-10 00:01:36,696 INFO 10224 [egg-sequelize](1ms) Executed (default): SHOW INDEX FROM `goods` FROM `demo`
2021-08-10 00:01:36,699 INFO 10224 [egg-sequelize](2ms) Executed (default): CREATE TABLE IF NOT EXISTS `goods_categories` (`id` INTEGER NOT NULL auto_increment , `name` VARCHAR(255), `attributes` VARCHAR(255), `extend` VARCHAR(255), `parent` VARCHAR(255), `priority` VARCHAR(255), `created_at` DATETIME NOT NULL, `updated_at` DATETIME NOT NULL, PRIMARY KEY (`id`)) ENGINE=InnoDB;
2021-08-10 00:01:36,700 INFO 10224 [egg-sequelize](1ms) Executed (default): SHOW INDEX FROM `goods_categories` FROM `demo`
2021-08-10 00:01:36,703 INFO 10224 [egg-sequelize](2ms) Executed (default): CREATE TABLE IF NOT EXISTS `goods_labels` (`id` INTEGER NOT NULL auto_increment , `name` VARCHAR(255), `code` VARCHAR(255), `created_at` DATETIME NOT NULL, `updated_at` DATETIME NOT NULL, PRIMARY KEY (`id`)) ENGINE=InnoDB;
2021-08-10 00:01:36,705 INFO 10224 [egg-sequelize](1ms) Executed (default): SHOW INDEX FROM `goods_labels` FROM `demo`
2021-08-10 00:01:36,708 INFO 10224 [egg-sequelize](2ms) Executed (default): CREATE TABLE IF NOT EXISTS `sales_categories` (`id` INTEGER NOT NULL auto_increment , `name` VARCHAR(255), `extend` VARCHAR(255), `parent` VARCHAR(255), `priority` VARCHAR(255), `bind_goods` VARCHAR(255), `use_bind_goods` TINYINT(1), `created_at` DATETIME NOT NULL, `updated_at` DATETIME NOT NULL, PRIMARY KEY (`id`)) ENGINE=InnoDB;
2021-08-10 00:01:36,709 INFO 10224 [egg-sequelize](1ms) Executed (default): SHOW INDEX FROM `sales_categories` FROM `demo`
2021-08-10 00:03:15,856 INFO 18852 [egg-sequelize](0ms) Executed (default): SELECT 1+1 AS result
2021-08-10 00:03:15,857 INFO 18852 [egg-sequelize](2ms) Executed (default): CREATE TABLE IF NOT EXISTS `attributes` (`id` INTEGER NOT NULL auto_increment , `name` VARCHAR(255), `code` VARCHAR(255), `options` VARCHAR(255), `input_mode` VARCHAR(255), `allow_custom_options` TINYINT(1), `created_at` DATETIME NOT NULL, `updated_at` DATETIME NOT NULL, PRIMARY KEY (`id`)) ENGINE=InnoDB;
2021-08-10 00:03:15,861 INFO 18852 [egg-sequelize](3ms) Executed (default): SHOW INDEX FROM `attributes` FROM `demo`
2021-08-10 00:03:15,864 INFO 18852 [egg-sequelize](2ms) Executed (default): CREATE TABLE IF NOT EXISTS `goods` (`id` INTEGER NOT NULL auto_increment , `name` VARCHAR(255), `code` VARCHAR(255), `type` VARCHAR(255), `label` VARCHAR(255), `status` VARCHAR(255), `sales_category` VARCHAR(255), `goods_category` VARCHAR(255), `main_image` VARCHAR(255), `description` VARCHAR(255), `created_time` VARCHAR(255), `updated_time` VARCHAR(255), `created_at` DATETIME NOT NULL, `updated_at` DATETIME NOT NULL, PRIMARY KEY (`id`)) ENGINE=InnoDB;
2021-08-10 00:03:15,866 INFO 18852 [egg-sequelize](1ms) Executed (default): SHOW INDEX FROM `goods` FROM `demo`
2021-08-10 00:03:15,869 INFO 18852 [egg-sequelize](2ms) Executed (default): CREATE TABLE IF NOT EXISTS `goods_categories` (`id` INTEGER NOT NULL auto_increment , `name` VARCHAR(255), `attributes` VARCHAR(255), `extend` VARCHAR(255), `parent` VARCHAR(255), `priority` VARCHAR(255), `created_at` DATETIME NOT NULL, `updated_at` DATETIME NOT NULL, PRIMARY KEY (`id`)) ENGINE=InnoDB;
2021-08-10 00:03:15,871 INFO 18852 [egg-sequelize](1ms) Executed (default): SHOW INDEX FROM `goods_categories` FROM `demo`
2021-08-10 00:03:15,873 INFO 18852 [egg-sequelize](2ms) Executed (default): CREATE TABLE IF NOT EXISTS `goods_labels` (`id` INTEGER NOT NULL auto_increment , `name` VARCHAR(255), `code` VARCHAR(255), `created_at` DATETIME NOT NULL, `updated_at` DATETIME NOT NULL, PRIMARY KEY (`id`)) ENGINE=InnoDB;
2021-08-10 00:03:15,875 INFO 18852 [egg-sequelize](1ms) Executed (default): SHOW INDEX FROM `goods_labels` FROM `demo`
2021-08-10 00:03:15,877 INFO 18852 [egg-sequelize](2ms) Executed (default): CREATE TABLE IF NOT EXISTS `sales_categories` (`id` INTEGER NOT NULL auto_increment , `name` VARCHAR(255), `extend` VARCHAR(255), `parent` VARCHAR(255), `priority` VARCHAR(255), `bind_goods` VARCHAR(255), `use_bind_goods` TINYINT(1), `created_at` DATETIME NOT NULL, `updated_at` DATETIME NOT NULL, PRIMARY KEY (`id`)) ENGINE=InnoDB;
2021-08-10 00:03:15,879 INFO 18852 [egg-sequelize](1ms) Executed (default): SHOW INDEX FROM `sales_categories` FROM `demo`
2021-08-10 00:04:00,471 INFO 17552 [egg-sequelize](1ms) Executed (default): SELECT 1+1 AS result
2021-08-10 00:04:00,472 INFO 17552 [egg-sequelize](2ms) Executed (default): CREATE TABLE IF NOT EXISTS `attributes` (`id` INTEGER NOT NULL auto_increment , `name` VARCHAR(255), `code` VARCHAR(255), `options` VARCHAR(255), `input_mode` VARCHAR(255), `allow_custom_options` TINYINT(1), `created_at` DATETIME NOT NULL, `updated_at` DATETIME NOT NULL, PRIMARY KEY (`id`)) ENGINE=InnoDB;
2021-08-10 00:04:00,476 INFO 17552 [egg-sequelize](3ms) Executed (default): SHOW INDEX FROM `attributes` FROM `demo`
2021-08-10 00:04:00,479 INFO 17552 [egg-sequelize](2ms) Executed (default): CREATE TABLE IF NOT EXISTS `goods` (`id` INTEGER NOT NULL auto_increment , `name` VARCHAR(255), `code` VARCHAR(255), `type` VARCHAR(255), `label` VARCHAR(255), `status` VARCHAR(255), `sales_category` VARCHAR(255), `goods_category` VARCHAR(255), `main_image` VARCHAR(255), `description` VARCHAR(255), `created_time` VARCHAR(255), `updated_time` VARCHAR(255), `created_at` DATETIME NOT NULL, `updated_at` DATETIME NOT NULL, PRIMARY KEY (`id`)) ENGINE=InnoDB;
2021-08-10 00:04:00,481 INFO 17552 [egg-sequelize](2ms) Executed (default): SHOW INDEX FROM `goods` FROM `demo`
2021-08-10 00:04:00,483 INFO 17552 [egg-sequelize](2ms) Executed (default): CREATE TABLE IF NOT EXISTS `goods_categories` (`id` INTEGER NOT NULL auto_increment , `name` VARCHAR(255), `attributes` VARCHAR(255), `extend` VARCHAR(255), `parent` VARCHAR(255), `priority` VARCHAR(255), `created_at` DATETIME NOT NULL, `updated_at` DATETIME NOT NULL, PRIMARY KEY (`id`)) ENGINE=InnoDB;
2021-08-10 00:04:00,485 INFO 17552 [egg-sequelize](1ms) Executed (default): SHOW INDEX FROM `goods_categories` FROM `demo`
2021-08-10 00:04:00,487 INFO 17552 [egg-sequelize](2ms) Executed (default): CREATE TABLE IF NOT EXISTS `goods_labels` (`id` INTEGER NOT NULL auto_increment , `name` VARCHAR(255), `code` VARCHAR(255), `created_at` DATETIME NOT NULL, `updated_at` DATETIME NOT NULL, PRIMARY KEY (`id`)) ENGINE=InnoDB;
2021-08-10 00:04:00,489 INFO 17552 [egg-sequelize](1ms) Executed (default): SHOW INDEX FROM `goods_labels` FROM `demo`
2021-08-10 00:04:00,491 INFO 17552 [egg-sequelize](1ms) Executed (default): CREATE TABLE IF NOT EXISTS `sales_categories` (`id` INTEGER NOT NULL auto_increment , `name` VARCHAR(255), `extend` VARCHAR(255), `parent` VARCHAR(255), `priority` VARCHAR(255), `bind_goods` VARCHAR(255), `use_bind_goods` TINYINT(1), `created_at` DATETIME NOT NULL, `updated_at` DATETIME NOT NULL, PRIMARY KEY (`id`)) ENGINE=InnoDB;
2021-08-10 00:04:00,493 INFO 17552 [egg-sequelize](1ms) Executed (default): SHOW INDEX FROM `sales_categories` FROM `demo`
2021-08-10 00:04:44,513 INFO 21512 [egg-sequelize](1ms) Executed (default): SELECT 1+1 AS result
2021-08-10 00:04:44,515 INFO 21512 [egg-sequelize](2ms) Executed (default): CREATE TABLE IF NOT EXISTS `attributes` (`id` INTEGER NOT NULL auto_increment , `name` VARCHAR(255), `code` VARCHAR(255), `options` VARCHAR(255), `input_mode` VARCHAR(255), `allow_custom_options` TINYINT(1), `created_at` DATETIME NOT NULL, `updated_at` DATETIME NOT NULL, PRIMARY KEY (`id`)) ENGINE=InnoDB;
2021-08-10 00:04:44,518 INFO 21512 [egg-sequelize](3ms) Executed (default): SHOW INDEX FROM `attributes` FROM `demo`
2021-08-10 00:04:44,521 INFO 21512 [egg-sequelize](2ms) Executed (default): CREATE TABLE IF NOT EXISTS `goods` (`id` INTEGER NOT NULL auto_increment , `name` VARCHAR(255), `code` VARCHAR(255), `type` VARCHAR(255), `label` VARCHAR(255), `status` VARCHAR(255), `sales_category` VARCHAR(255), `goods_category` VARCHAR(255), `main_image` VARCHAR(255), `description` VARCHAR(255), `created_time` VARCHAR(255), `updated_time` VARCHAR(255), `created_at` DATETIME NOT NULL, `updated_at` DATETIME NOT NULL, PRIMARY KEY (`id`)) ENGINE=InnoDB;
2021-08-10 00:04:44,523 INFO 21512 [egg-sequelize](1ms) Executed (default): SHOW INDEX FROM `goods` FROM `demo`
2021-08-10 00:04:44,526 INFO 21512 [egg-sequelize](2ms) Executed (default): CREATE TABLE IF NOT EXISTS `goods_categories` (`id` INTEGER NOT NULL auto_increment , `name` VARCHAR(255), `attributes` VARCHAR(255), `extend` VARCHAR(255), `parent` VARCHAR(255), `priority` VARCHAR(255), `created_at` DATETIME NOT NULL, `updated_at` DATETIME NOT NULL, PRIMARY KEY (`id`)) ENGINE=InnoDB;
2021-08-10 00:04:44,527 INFO 21512 [egg-sequelize](1ms) Executed (default): SHOW INDEX FROM `goods_categories` FROM `demo`
2021-08-10 00:04:44,530 INFO 21512 [egg-sequelize](2ms) Executed (default): CREATE TABLE IF NOT EXISTS `goods_labels` (`id` INTEGER NOT NULL auto_increment , `name` VARCHAR(255), `code` VARCHAR(255), `created_at` DATETIME NOT NULL, `updated_at` DATETIME NOT NULL, PRIMARY KEY (`id`)) ENGINE=InnoDB;
2021-08-10 00:04:44,531 INFO 21512 [egg-sequelize](1ms) Executed (default): SHOW INDEX FROM `goods_labels` FROM `demo`
2021-08-10 00:04:44,533 INFO 21512 [egg-sequelize](1ms) Executed (default): CREATE TABLE IF NOT EXISTS `sales_categories` (`id` INTEGER NOT NULL auto_increment , `name` VARCHAR(255), `extend` VARCHAR(255), `parent` VARCHAR(255), `priority` VARCHAR(255), `bind_goods` VARCHAR(255), `use_bind_goods` TINYINT(1), `created_at` DATETIME NOT NULL, `updated_at` DATETIME NOT NULL, PRIMARY KEY (`id`)) ENGINE=InnoDB;
2021-08-10 00:04:44,535 INFO 21512 [egg-sequelize](1ms) Executed (default): SHOW INDEX FROM `sales_categories` FROM `demo`
