2021-08-09 00:00:00,353 INFO 20088 [egg-logrotator] app logger reload: got log-reload message
2021-08-09 11:42:30,969 WARN 20088 [TCPBase] socket is closed by other side while there were still unhandled data in the socket buffer
2021-08-09 11:42:30,970 WARN 20088 [ClusterClient:Watcher] follower closed, and try to init it again
2021-08-09 11:42:30,973 INFO 20088 [-/127.0.0.1/-/1ms SCHEDULE /__schedule?path=C:\Users\Spana\Desktop\egg-demo\node_modules\egg-multipart\app\schedule\clean_tmpdir.js&type=worker&cron=0%2030%204%20*%20*%20*&disable=false&immediate=false] [egg-multipart:CleanTmpdir] start clean tmpdir: "C:\\Users\\Spana\\AppData\\Local\\Temp\\egg-multipart-tmp\\demo"
2021-08-09 11:42:30,977 INFO 20088 [-/127.0.0.1/-/5ms SCHEDULE /__schedule?path=C:\Users\Spana\Desktop\egg-demo\node_modules\egg-multipart\app\schedule\clean_tmpdir.js&type=worker&cron=0%2030%204%20*%20*%20*&disable=false&immediate=false] [egg-multipart:CleanTmpdir] end
2021-08-09 20:38:13,512 WARN 20088 [ClusterClient:Watcher] follower closed, and try to init it again
2021-08-09 22:33:52,938 INFO 10712 [egg:logger] init all loggers with options: {"dir":"C:\\Users\\Spana\\Desktop\\egg-demo\\logs\\demo","encoding":"utf8","env":"local","level":"INFO","consoleLevel":"INFO","disableConsoleAfterReady":false,"outputJSON":false,"buffer":true,"appLogName":"demo-web.log","coreLogName":"egg-web.log","agentLogName":"egg-agent.log","errorLogName":"common-error.log","coreLogger":{"consoleLevel":"WARN"},"allowDebugAtProd":false,"type":"application"}
2021-08-09 22:33:52,969 INFO 10712 [egg-multipart] stream mode enable
2021-08-09 22:33:53,490 INFO 10712 [egg-static] starting static serve /public/ -> C:\Users\Spana\Desktop\egg-demo\app\public
2021-08-09 22:33:53,492 INFO 10712 [egg-security] use methodnoallow middleware
2021-08-09 22:33:53,493 INFO 10712 [egg-security] use noopen middleware
2021-08-09 22:33:53,494 INFO 10712 [egg-security] use nosniff middleware
2021-08-09 22:33:53,495 INFO 10712 [egg-security] use xssProtection middleware
2021-08-09 22:33:53,496 INFO 10712 [egg-security] use xframe middleware
2021-08-09 22:33:53,497 INFO 10712 [egg-security] use dta middleware
2021-08-09 22:33:53,497 INFO 10712 [egg-security] compose 6 middlewares into one security middleware
2021-08-09 22:33:53,516 INFO 10712 [egg:core] dump config after load, 5ms
2021-08-09 22:33:53,568 INFO 10712 [egg-watcher:application] watcher start success
2021-08-09 22:33:53,620 INFO 10712 [egg:core] dump config after ready, 7ms
2021-08-09 22:33:54,081 INFO 9892 [egg:logger] init all loggers with options: {"dir":"C:\\Users\\Spana\\Desktop\\egg-demo\\logs\\demo","encoding":"utf8","env":"local","level":"INFO","consoleLevel":"INFO","disableConsoleAfterReady":false,"outputJSON":false,"buffer":true,"appLogName":"demo-web.log","coreLogName":"egg-web.log","agentLogName":"egg-agent.log","errorLogName":"common-error.log","coreLogger":{"consoleLevel":"WARN"},"allowDebugAtProd":false,"type":"application"}
2021-08-09 22:33:54,110 INFO 9892 [egg-multipart] stream mode enable
2021-08-09 22:33:54,607 INFO 9892 [egg-static] starting static serve /public/ -> C:\Users\Spana\Desktop\egg-demo\app\public
2021-08-09 22:33:54,609 INFO 9892 [egg-security] use methodnoallow middleware
2021-08-09 22:33:54,610 INFO 9892 [egg-security] use noopen middleware
2021-08-09 22:33:54,611 INFO 9892 [egg-security] use nosniff middleware
2021-08-09 22:33:54,612 INFO 9892 [egg-security] use xssProtection middleware
2021-08-09 22:33:54,613 INFO 9892 [egg-security] use xframe middleware
2021-08-09 22:33:54,613 INFO 9892 [egg-security] use dta middleware
2021-08-09 22:33:54,613 INFO 9892 [egg-security] compose 6 middlewares into one security middleware
2021-08-09 22:33:54,630 INFO 9892 [egg:core] dump config after load, 5ms
2021-08-09 22:33:54,674 INFO 9892 [egg-watcher:application] watcher start success
2021-08-09 22:33:54,704 INFO 9892 [egg:core] dump config after ready, 5ms
2021-08-09 22:33:55,642 INFO 4900 [egg:logger] init all loggers with options: {"dir":"C:\\Users\\Spana\\Desktop\\egg-demo\\logs\\demo","encoding":"utf8","env":"local","level":"INFO","consoleLevel":"INFO","disableConsoleAfterReady":false,"outputJSON":false,"buffer":true,"appLogName":"demo-web.log","coreLogName":"egg-web.log","agentLogName":"egg-agent.log","errorLogName":"common-error.log","coreLogger":{"consoleLevel":"WARN"},"allowDebugAtProd":false,"type":"application"}
2021-08-09 22:33:55,671 INFO 4900 [egg-multipart] stream mode enable
2021-08-09 22:33:56,188 INFO 4900 [egg-static] starting static serve /public/ -> C:\Users\Spana\Desktop\egg-demo\app\public
2021-08-09 22:33:56,190 INFO 4900 [egg-security] use methodnoallow middleware
2021-08-09 22:33:56,191 INFO 4900 [egg-security] use noopen middleware
2021-08-09 22:33:56,192 INFO 4900 [egg-security] use nosniff middleware
2021-08-09 22:33:56,192 INFO 4900 [egg-security] use xssProtection middleware
2021-08-09 22:33:56,193 INFO 4900 [egg-security] use xframe middleware
2021-08-09 22:33:56,194 INFO 4900 [egg-security] use dta middleware
2021-08-09 22:33:56,194 INFO 4900 [egg-security] compose 6 middlewares into one security middleware
2021-08-09 22:33:56,210 INFO 4900 [egg:core] dump config after load, 5ms
2021-08-09 22:33:56,256 INFO 4900 [egg-watcher:application] watcher start success
2021-08-09 22:33:56,287 INFO 4900 [egg:core] dump config after ready, 7ms
2021-08-09 22:44:08,249 INFO 17388 [egg:logger] init all loggers with options: {"dir":"C:\\Users\\Spana\\Desktop\\egg-demo\\logs\\demo","encoding":"utf8","env":"local","level":"INFO","consoleLevel":"INFO","disableConsoleAfterReady":false,"outputJSON":false,"buffer":true,"appLogName":"demo-web.log","coreLogName":"egg-web.log","agentLogName":"egg-agent.log","errorLogName":"common-error.log","coreLogger":{"consoleLevel":"WARN"},"allowDebugAtProd":false,"type":"application"}
2021-08-09 22:44:08,277 INFO 17388 [egg-multipart] stream mode enable
2021-08-09 22:44:08,787 INFO 17388 [egg-static] starting static serve /public/ -> C:\Users\Spana\Desktop\egg-demo\app\public
2021-08-09 22:44:08,789 INFO 17388 [egg-security] use methodnoallow middleware
2021-08-09 22:44:08,790 INFO 17388 [egg-security] use noopen middleware
2021-08-09 22:44:08,791 INFO 17388 [egg-security] use nosniff middleware
2021-08-09 22:44:08,791 INFO 17388 [egg-security] use xssProtection middleware
2021-08-09 22:44:08,792 INFO 17388 [egg-security] use xframe middleware
2021-08-09 22:44:08,793 INFO 17388 [egg-security] use dta middleware
2021-08-09 22:44:08,793 INFO 17388 [egg-security] compose 6 middlewares into one security middleware
2021-08-09 22:44:08,810 INFO 17388 [egg:core] dump config after load, 5ms
2021-08-09 22:44:08,854 INFO 17388 [egg-watcher:application] watcher start success
2021-08-09 22:44:08,884 INFO 17388 [egg:core] dump config after ready, 6ms
2021-08-09 22:45:29,475 INFO 15528 [egg:logger] init all loggers with options: {"dir":"C:\\Users\\Spana\\Desktop\\egg-demo\\logs\\demo","encoding":"utf8","env":"local","level":"INFO","consoleLevel":"INFO","disableConsoleAfterReady":false,"outputJSON":false,"buffer":true,"appLogName":"demo-web.log","coreLogName":"egg-web.log","agentLogName":"egg-agent.log","errorLogName":"common-error.log","coreLogger":{"consoleLevel":"WARN"},"allowDebugAtProd":false,"type":"application"}
2021-08-09 22:45:29,503 INFO 15528 [egg-multipart] stream mode enable
2021-08-09 22:45:30,029 INFO 15528 [egg-static] starting static serve /public/ -> C:\Users\Spana\Desktop\egg-demo\app\public
2021-08-09 22:45:30,031 INFO 15528 [egg-security] use methodnoallow middleware
2021-08-09 22:45:30,032 INFO 15528 [egg-security] use noopen middleware
2021-08-09 22:45:30,033 INFO 15528 [egg-security] use nosniff middleware
2021-08-09 22:45:30,034 INFO 15528 [egg-security] use xssProtection middleware
2021-08-09 22:45:30,035 INFO 15528 [egg-security] use xframe middleware
2021-08-09 22:45:30,035 INFO 15528 [egg-security] use dta middleware
2021-08-09 22:45:30,035 INFO 15528 [egg-security] compose 6 middlewares into one security middleware
2021-08-09 22:45:30,053 INFO 15528 [egg:core] dump config after load, 5ms
2021-08-09 22:45:30,097 INFO 15528 [egg-watcher:application] watcher start success
2021-08-09 22:45:30,131 INFO 15528 [egg:core] dump config after ready, 6ms
2021-08-09 22:46:16,874 INFO 19864 [egg:logger] init all loggers with options: {"dir":"C:\\Users\\Spana\\Desktop\\egg-demo\\logs\\demo","encoding":"utf8","env":"local","level":"INFO","consoleLevel":"INFO","disableConsoleAfterReady":false,"outputJSON":false,"buffer":true,"appLogName":"demo-web.log","coreLogName":"egg-web.log","agentLogName":"egg-agent.log","errorLogName":"common-error.log","coreLogger":{"consoleLevel":"WARN"},"allowDebugAtProd":false,"type":"application"}
2021-08-09 22:46:16,903 INFO 19864 [egg-multipart] stream mode enable
2021-08-09 22:46:17,433 INFO 19864 [egg-static] starting static serve /public/ -> C:\Users\Spana\Desktop\egg-demo\app\public
2021-08-09 22:46:17,435 INFO 19864 [egg-security] use methodnoallow middleware
2021-08-09 22:46:17,436 INFO 19864 [egg-security] use noopen middleware
2021-08-09 22:46:17,437 INFO 19864 [egg-security] use nosniff middleware
2021-08-09 22:46:17,438 INFO 19864 [egg-security] use xssProtection middleware
2021-08-09 22:46:17,439 INFO 19864 [egg-security] use xframe middleware
2021-08-09 22:46:17,439 INFO 19864 [egg-security] use dta middleware
2021-08-09 22:46:17,439 INFO 19864 [egg-security] compose 6 middlewares into one security middleware
2021-08-09 22:46:17,457 INFO 19864 [egg:core] dump config after load, 5ms
2021-08-09 22:46:17,500 INFO 19864 [egg-watcher:application] watcher start success
2021-08-09 22:46:17,536 INFO 19864 [egg:core] dump config after ready, 6ms
2021-08-09 22:47:03,543 INFO 7156 [egg:logger] init all loggers with options: {"dir":"C:\\Users\\Spana\\Desktop\\egg-demo\\logs\\demo","encoding":"utf8","env":"local","level":"INFO","consoleLevel":"INFO","disableConsoleAfterReady":false,"outputJSON":false,"buffer":true,"appLogName":"demo-web.log","coreLogName":"egg-web.log","agentLogName":"egg-agent.log","errorLogName":"common-error.log","coreLogger":{"consoleLevel":"WARN"},"allowDebugAtProd":false,"type":"application"}
2021-08-09 22:47:03,574 INFO 7156 [egg-multipart] stream mode enable
2021-08-09 22:47:04,104 INFO 7156 [egg-static] starting static serve /public/ -> C:\Users\Spana\Desktop\egg-demo\app\public
2021-08-09 22:47:04,106 INFO 7156 [egg-security] use methodnoallow middleware
2021-08-09 22:47:04,107 INFO 7156 [egg-security] use noopen middleware
2021-08-09 22:47:04,107 INFO 7156 [egg-security] use nosniff middleware
2021-08-09 22:47:04,108 INFO 7156 [egg-security] use xssProtection middleware
2021-08-09 22:47:04,109 INFO 7156 [egg-security] use xframe middleware
2021-08-09 22:47:04,109 INFO 7156 [egg-security] use dta middleware
2021-08-09 22:47:04,110 INFO 7156 [egg-security] compose 6 middlewares into one security middleware
2021-08-09 22:47:04,127 INFO 7156 [egg:core] dump config after load, 5ms
2021-08-09 22:47:04,172 INFO 7156 [egg-watcher:application] watcher start success
2021-08-09 22:47:04,204 INFO 7156 [egg:core] dump config after ready, 6ms
2021-08-09 22:47:36,480 INFO 16168 [egg:logger] init all loggers with options: {"dir":"C:\\Users\\Spana\\Desktop\\egg-demo\\logs\\demo","encoding":"utf8","env":"local","level":"INFO","consoleLevel":"INFO","disableConsoleAfterReady":false,"outputJSON":false,"buffer":true,"appLogName":"demo-web.log","coreLogName":"egg-web.log","agentLogName":"egg-agent.log","errorLogName":"common-error.log","coreLogger":{"consoleLevel":"WARN"},"allowDebugAtProd":false,"type":"application"}
2021-08-09 22:47:36,511 INFO 16168 [egg-multipart] stream mode enable
2021-08-09 22:47:37,011 INFO 16168 [egg-static] starting static serve /public/ -> C:\Users\Spana\Desktop\egg-demo\app\public
2021-08-09 22:47:37,014 INFO 16168 [egg-security] use methodnoallow middleware
2021-08-09 22:47:37,014 INFO 16168 [egg-security] use noopen middleware
2021-08-09 22:47:37,015 INFO 16168 [egg-security] use nosniff middleware
2021-08-09 22:47:37,016 INFO 16168 [egg-security] use xssProtection middleware
2021-08-09 22:47:37,017 INFO 16168 [egg-security] use xframe middleware
2021-08-09 22:47:37,017 INFO 16168 [egg-security] use dta middleware
2021-08-09 22:47:37,017 INFO 16168 [egg-security] compose 6 middlewares into one security middleware
2021-08-09 22:47:37,034 INFO 16168 [egg:core] dump config after load, 5ms
2021-08-09 22:47:37,077 INFO 16168 [egg-watcher:application] watcher start success
2021-08-09 22:47:37,107 INFO 16168 [egg:core] dump config after ready, 6ms
2021-08-09 22:48:19,801 INFO 12700 [egg:logger] init all loggers with options: {"dir":"C:\\Users\\Spana\\Desktop\\egg-demo\\logs\\demo","encoding":"utf8","env":"local","level":"INFO","consoleLevel":"INFO","disableConsoleAfterReady":false,"outputJSON":false,"buffer":true,"appLogName":"demo-web.log","coreLogName":"egg-web.log","agentLogName":"egg-agent.log","errorLogName":"common-error.log","coreLogger":{"consoleLevel":"WARN"},"allowDebugAtProd":false,"type":"application"}
2021-08-09 22:48:19,831 INFO 12700 [egg-multipart] stream mode enable
2021-08-09 22:48:20,342 INFO 12700 [egg-static] starting static serve /public/ -> C:\Users\Spana\Desktop\egg-demo\app\public
2021-08-09 22:48:20,344 INFO 12700 [egg-security] use methodnoallow middleware
2021-08-09 22:48:20,345 INFO 12700 [egg-security] use noopen middleware
2021-08-09 22:48:20,346 INFO 12700 [egg-security] use nosniff middleware
2021-08-09 22:48:20,347 INFO 12700 [egg-security] use xssProtection middleware
2021-08-09 22:48:20,348 INFO 12700 [egg-security] use xframe middleware
2021-08-09 22:48:20,348 INFO 12700 [egg-security] use dta middleware
2021-08-09 22:48:20,348 INFO 12700 [egg-security] compose 6 middlewares into one security middleware
2021-08-09 22:48:20,366 INFO 12700 [egg:core] dump config after load, 5ms
2021-08-09 22:48:20,409 INFO 12700 [egg-watcher:application] watcher start success
2021-08-09 22:48:20,481 INFO 12700 [egg:core] dump config after ready, 6ms
2021-08-09 22:53:26,236 INFO 21464 [egg:logger] init all loggers with options: {"dir":"C:\\Users\\Spana\\Desktop\\egg-demo\\logs\\demo","encoding":"utf8","env":"local","level":"INFO","consoleLevel":"INFO","disableConsoleAfterReady":false,"outputJSON":false,"buffer":true,"appLogName":"demo-web.log","coreLogName":"egg-web.log","agentLogName":"egg-agent.log","errorLogName":"common-error.log","coreLogger":{"consoleLevel":"WARN"},"allowDebugAtProd":false,"type":"application"}
2021-08-09 22:53:26,264 INFO 21464 [egg-multipart] stream mode enable
2021-08-09 22:53:26,759 INFO 21464 [egg-static] starting static serve /public/ -> C:\Users\Spana\Desktop\egg-demo\app\public
2021-08-09 22:53:26,761 INFO 21464 [egg-security] use methodnoallow middleware
2021-08-09 22:53:26,762 INFO 21464 [egg-security] use noopen middleware
2021-08-09 22:53:26,763 INFO 21464 [egg-security] use nosniff middleware
2021-08-09 22:53:26,764 INFO 21464 [egg-security] use xssProtection middleware
2021-08-09 22:53:26,764 INFO 21464 [egg-security] use xframe middleware
2021-08-09 22:53:26,765 INFO 21464 [egg-security] use dta middleware
2021-08-09 22:53:26,765 INFO 21464 [egg-security] compose 6 middlewares into one security middleware
2021-08-09 22:53:26,782 INFO 21464 [egg:core] dump config after load, 5ms
2021-08-09 22:53:26,825 INFO 21464 [egg-watcher:application] watcher start success
2021-08-09 22:53:26,861 INFO 21464 [egg:core] dump config after ready, 7ms
2021-08-09 22:54:08,828 INFO 21396 [egg:logger] init all loggers with options: {"dir":"C:\\Users\\Spana\\Desktop\\egg-demo\\logs\\demo","encoding":"utf8","env":"local","level":"INFO","consoleLevel":"INFO","disableConsoleAfterReady":false,"outputJSON":false,"buffer":true,"appLogName":"demo-web.log","coreLogName":"egg-web.log","agentLogName":"egg-agent.log","errorLogName":"common-error.log","coreLogger":{"consoleLevel":"WARN"},"allowDebugAtProd":false,"type":"application"}
2021-08-09 22:54:08,856 INFO 21396 [egg-multipart] stream mode enable
2021-08-09 22:54:09,361 INFO 21396 [egg-static] starting static serve /public/ -> C:\Users\Spana\Desktop\egg-demo\app\public
2021-08-09 22:54:09,364 INFO 21396 [egg-security] use methodnoallow middleware
2021-08-09 22:54:09,364 INFO 21396 [egg-security] use noopen middleware
2021-08-09 22:54:09,365 INFO 21396 [egg-security] use nosniff middleware
2021-08-09 22:54:09,366 INFO 21396 [egg-security] use xssProtection middleware
2021-08-09 22:54:09,367 INFO 21396 [egg-security] use xframe middleware
2021-08-09 22:54:09,367 INFO 21396 [egg-security] use dta middleware
2021-08-09 22:54:09,367 INFO 21396 [egg-security] compose 6 middlewares into one security middleware
2021-08-09 22:54:09,384 INFO 21396 [egg:core] dump config after load, 4ms
2021-08-09 22:54:09,428 INFO 21396 [egg-watcher:application] watcher start success
2021-08-09 22:54:09,462 INFO 21396 [egg:core] dump config after ready, 6ms
2021-08-09 22:54:16,063 INFO 20644 [egg:logger] init all loggers with options: {"dir":"C:\\Users\\Spana\\Desktop\\egg-demo\\logs\\demo","encoding":"utf8","env":"local","level":"INFO","consoleLevel":"INFO","disableConsoleAfterReady":false,"outputJSON":false,"buffer":true,"appLogName":"demo-web.log","coreLogName":"egg-web.log","agentLogName":"egg-agent.log","errorLogName":"common-error.log","coreLogger":{"consoleLevel":"WARN"},"allowDebugAtProd":false,"type":"application"}
2021-08-09 22:54:16,093 INFO 20644 [egg-multipart] stream mode enable
2021-08-09 22:54:16,611 INFO 20644 [egg-static] starting static serve /public/ -> C:\Users\Spana\Desktop\egg-demo\app\public
2021-08-09 22:54:16,613 INFO 20644 [egg-security] use methodnoallow middleware
2021-08-09 22:54:16,614 INFO 20644 [egg-security] use noopen middleware
2021-08-09 22:54:16,615 INFO 20644 [egg-security] use nosniff middleware
2021-08-09 22:54:16,616 INFO 20644 [egg-security] use xssProtection middleware
2021-08-09 22:54:16,616 INFO 20644 [egg-security] use xframe middleware
2021-08-09 22:54:16,617 INFO 20644 [egg-security] use dta middleware
2021-08-09 22:54:16,617 INFO 20644 [egg-security] compose 6 middlewares into one security middleware
2021-08-09 22:54:16,634 INFO 20644 [egg:core] dump config after load, 5ms
2021-08-09 22:54:16,680 INFO 20644 [egg-watcher:application] watcher start success
2021-08-09 22:54:16,715 INFO 20644 [egg:core] dump config after ready, 7ms
2021-08-09 22:54:57,576 INFO 10100 [egg:logger] init all loggers with options: {"dir":"C:\\Users\\Spana\\Desktop\\egg-demo\\logs\\demo","encoding":"utf8","env":"local","level":"INFO","consoleLevel":"INFO","disableConsoleAfterReady":false,"outputJSON":false,"buffer":true,"appLogName":"demo-web.log","coreLogName":"egg-web.log","agentLogName":"egg-agent.log","errorLogName":"common-error.log","coreLogger":{"consoleLevel":"WARN"},"allowDebugAtProd":false,"type":"application"}
2021-08-09 22:54:57,604 INFO 10100 [egg-multipart] stream mode enable
2021-08-09 22:54:58,102 INFO 10100 [egg-static] starting static serve /public/ -> C:\Users\Spana\Desktop\egg-demo\app\public
2021-08-09 22:54:58,104 INFO 10100 [egg-security] use methodnoallow middleware
2021-08-09 22:54:58,105 INFO 10100 [egg-security] use noopen middleware
2021-08-09 22:54:58,106 INFO 10100 [egg-security] use nosniff middleware
2021-08-09 22:54:58,107 INFO 10100 [egg-security] use xssProtection middleware
2021-08-09 22:54:58,107 INFO 10100 [egg-security] use xframe middleware
2021-08-09 22:54:58,108 INFO 10100 [egg-security] use dta middleware
2021-08-09 22:54:58,108 INFO 10100 [egg-security] compose 6 middlewares into one security middleware
2021-08-09 22:54:58,125 INFO 10100 [egg:core] dump config after load, 5ms
2021-08-09 22:54:58,170 INFO 10100 [egg-watcher:application] watcher start success
2021-08-09 22:54:58,206 INFO 10100 [egg:core] dump config after ready, 6ms
2021-08-09 22:55:31,374 INFO 14476 [egg:logger] init all loggers with options: {"dir":"C:\\Users\\Spana\\Desktop\\egg-demo\\logs\\demo","encoding":"utf8","env":"local","level":"INFO","consoleLevel":"INFO","disableConsoleAfterReady":false,"outputJSON":false,"buffer":true,"appLogName":"demo-web.log","coreLogName":"egg-web.log","agentLogName":"egg-agent.log","errorLogName":"common-error.log","coreLogger":{"consoleLevel":"WARN"},"allowDebugAtProd":false,"type":"application"}
2021-08-09 22:55:31,403 INFO 14476 [egg-multipart] stream mode enable
2021-08-09 22:55:31,905 INFO 14476 [egg-static] starting static serve /public/ -> C:\Users\Spana\Desktop\egg-demo\app\public
2021-08-09 22:55:31,908 INFO 14476 [egg-security] use methodnoallow middleware
2021-08-09 22:55:31,908 INFO 14476 [egg-security] use noopen middleware
2021-08-09 22:55:31,909 INFO 14476 [egg-security] use nosniff middleware
2021-08-09 22:55:31,910 INFO 14476 [egg-security] use xssProtection middleware
2021-08-09 22:55:31,910 INFO 14476 [egg-security] use xframe middleware
2021-08-09 22:55:31,911 INFO 14476 [egg-security] use dta middleware
2021-08-09 22:55:31,911 INFO 14476 [egg-security] compose 6 middlewares into one security middleware
2021-08-09 22:55:31,928 INFO 14476 [egg:core] dump config after load, 5ms
2021-08-09 22:55:31,971 INFO 14476 [egg-watcher:application] watcher start success
2021-08-09 22:55:32,004 INFO 14476 [egg:core] dump config after ready, 6ms
2021-08-09 22:55:57,756 INFO 21552 [egg:logger] init all loggers with options: {"dir":"C:\\Users\\Spana\\Desktop\\egg-demo\\logs\\demo","encoding":"utf8","env":"local","level":"INFO","consoleLevel":"INFO","disableConsoleAfterReady":false,"outputJSON":false,"buffer":true,"appLogName":"demo-web.log","coreLogName":"egg-web.log","agentLogName":"egg-agent.log","errorLogName":"common-error.log","coreLogger":{"consoleLevel":"WARN"},"allowDebugAtProd":false,"type":"application"}
2021-08-09 22:55:57,784 INFO 21552 [egg-multipart] stream mode enable
2021-08-09 22:55:58,285 INFO 21552 [egg-static] starting static serve /public/ -> C:\Users\Spana\Desktop\egg-demo\app\public
2021-08-09 22:55:58,287 INFO 21552 [egg-security] use methodnoallow middleware
2021-08-09 22:55:58,288 INFO 21552 [egg-security] use noopen middleware
2021-08-09 22:55:58,289 INFO 21552 [egg-security] use nosniff middleware
2021-08-09 22:55:58,289 INFO 21552 [egg-security] use xssProtection middleware
2021-08-09 22:55:58,290 INFO 21552 [egg-security] use xframe middleware
2021-08-09 22:55:58,291 INFO 21552 [egg-security] use dta middleware
2021-08-09 22:55:58,291 INFO 21552 [egg-security] compose 6 middlewares into one security middleware
2021-08-09 22:55:58,308 INFO 21552 [egg:core] dump config after load, 5ms
2021-08-09 22:55:58,351 INFO 21552 [egg-watcher:application] watcher start success
2021-08-09 22:55:58,394 INFO 21552 [egg:core] dump config after ready, 7ms
2021-08-09 22:57:01,382 INFO 4800 [egg:logger] init all loggers with options: {"dir":"C:\\Users\\Spana\\Desktop\\egg-demo\\logs\\demo","encoding":"utf8","env":"local","level":"INFO","consoleLevel":"INFO","disableConsoleAfterReady":false,"outputJSON":false,"buffer":true,"appLogName":"demo-web.log","coreLogName":"egg-web.log","agentLogName":"egg-agent.log","errorLogName":"common-error.log","coreLogger":{"consoleLevel":"WARN"},"allowDebugAtProd":false,"type":"application"}
2021-08-09 22:57:01,411 INFO 4800 [egg-multipart] stream mode enable
2021-08-09 22:57:01,917 INFO 4800 [egg-static] starting static serve /public/ -> C:\Users\Spana\Desktop\egg-demo\app\public
2021-08-09 22:57:01,919 INFO 4800 [egg-security] use methodnoallow middleware
2021-08-09 22:57:01,920 INFO 4800 [egg-security] use noopen middleware
2021-08-09 22:57:01,921 INFO 4800 [egg-security] use nosniff middleware
2021-08-09 22:57:01,922 INFO 4800 [egg-security] use xssProtection middleware
2021-08-09 22:57:01,922 INFO 4800 [egg-security] use xframe middleware
2021-08-09 22:57:01,923 INFO 4800 [egg-security] use dta middleware
2021-08-09 22:57:01,923 INFO 4800 [egg-security] compose 6 middlewares into one security middleware
2021-08-09 22:57:01,940 INFO 4800 [egg:core] dump config after load, 5ms
2021-08-09 22:57:01,983 INFO 4800 [egg-watcher:application] watcher start success
2021-08-09 22:57:02,018 INFO 4800 [egg:core] dump config after ready, 6ms
2021-08-09 22:58:22,864 INFO 18640 [egg:logger] init all loggers with options: {"dir":"C:\\Users\\Spana\\Desktop\\egg-demo\\logs\\demo","encoding":"utf8","env":"local","level":"INFO","consoleLevel":"INFO","disableConsoleAfterReady":false,"outputJSON":false,"buffer":true,"appLogName":"demo-web.log","coreLogName":"egg-web.log","agentLogName":"egg-agent.log","errorLogName":"common-error.log","coreLogger":{"consoleLevel":"WARN"},"allowDebugAtProd":false,"type":"application"}
2021-08-09 22:58:22,892 INFO 18640 [egg-multipart] stream mode enable
2021-08-09 22:58:23,392 INFO 18640 [egg-static] starting static serve /public/ -> C:\Users\Spana\Desktop\egg-demo\app\public
2021-08-09 22:58:23,394 INFO 18640 [egg-security] use methodnoallow middleware
2021-08-09 22:58:23,395 INFO 18640 [egg-security] use noopen middleware
2021-08-09 22:58:23,396 INFO 18640 [egg-security] use nosniff middleware
2021-08-09 22:58:23,396 INFO 18640 [egg-security] use xssProtection middleware
2021-08-09 22:58:23,397 INFO 18640 [egg-security] use xframe middleware
2021-08-09 22:58:23,398 INFO 18640 [egg-security] use dta middleware
2021-08-09 22:58:23,398 INFO 18640 [egg-security] compose 6 middlewares into one security middleware
2021-08-09 22:58:23,415 INFO 18640 [egg:core] dump config after load, 5ms
2021-08-09 22:58:23,458 INFO 18640 [egg-watcher:application] watcher start success
2021-08-09 22:58:23,496 INFO 18640 [egg:core] dump config after ready, 7ms
2021-08-09 22:58:38,283 INFO 21560 [egg:logger] init all loggers with options: {"dir":"C:\\Users\\Spana\\Desktop\\egg-demo\\logs\\demo","encoding":"utf8","env":"local","level":"INFO","consoleLevel":"INFO","disableConsoleAfterReady":false,"outputJSON":false,"buffer":true,"appLogName":"demo-web.log","coreLogName":"egg-web.log","agentLogName":"egg-agent.log","errorLogName":"common-error.log","coreLogger":{"consoleLevel":"WARN"},"allowDebugAtProd":false,"type":"application"}
2021-08-09 22:58:38,311 INFO 21560 [egg-multipart] stream mode enable
2021-08-09 22:58:38,804 INFO 21560 [egg-static] starting static serve /public/ -> C:\Users\Spana\Desktop\egg-demo\app\public
2021-08-09 22:58:38,806 INFO 21560 [egg-security] use methodnoallow middleware
2021-08-09 22:58:38,807 INFO 21560 [egg-security] use noopen middleware
2021-08-09 22:58:38,808 INFO 21560 [egg-security] use nosniff middleware
2021-08-09 22:58:38,808 INFO 21560 [egg-security] use xssProtection middleware
2021-08-09 22:58:38,809 INFO 21560 [egg-security] use xframe middleware
2021-08-09 22:58:38,810 INFO 21560 [egg-security] use dta middleware
2021-08-09 22:58:38,810 INFO 21560 [egg-security] compose 6 middlewares into one security middleware
2021-08-09 22:58:38,827 INFO 21560 [egg:core] dump config after load, 5ms
2021-08-09 22:58:38,870 INFO 21560 [egg-watcher:application] watcher start success
2021-08-09 22:58:38,903 INFO 21560 [egg:core] dump config after ready, 7ms
2021-08-09 22:58:45,332 INFO 3520 [egg:logger] init all loggers with options: {"dir":"C:\\Users\\Spana\\Desktop\\egg-demo\\logs\\demo","encoding":"utf8","env":"local","level":"INFO","consoleLevel":"INFO","disableConsoleAfterReady":false,"outputJSON":false,"buffer":true,"appLogName":"demo-web.log","coreLogName":"egg-web.log","agentLogName":"egg-agent.log","errorLogName":"common-error.log","coreLogger":{"consoleLevel":"WARN"},"allowDebugAtProd":false,"type":"application"}
2021-08-09 22:58:45,361 INFO 3520 [egg-multipart] stream mode enable
2021-08-09 22:58:45,859 INFO 3520 [egg-static] starting static serve /public/ -> C:\Users\Spana\Desktop\egg-demo\app\public
2021-08-09 22:58:45,861 INFO 3520 [egg-security] use methodnoallow middleware
2021-08-09 22:58:45,862 INFO 3520 [egg-security] use noopen middleware
2021-08-09 22:58:45,863 INFO 3520 [egg-security] use nosniff middleware
2021-08-09 22:58:45,863 INFO 3520 [egg-security] use xssProtection middleware
2021-08-09 22:58:45,864 INFO 3520 [egg-security] use xframe middleware
2021-08-09 22:58:45,865 INFO 3520 [egg-security] use dta middleware
2021-08-09 22:58:45,865 INFO 3520 [egg-security] compose 6 middlewares into one security middleware
2021-08-09 22:58:45,882 INFO 3520 [egg:core] dump config after load, 5ms
2021-08-09 22:58:45,926 INFO 3520 [egg-watcher:application] watcher start success
2021-08-09 22:58:45,960 INFO 3520 [egg:core] dump config after ready, 6ms
2021-08-09 23:00:00,417 INFO 18276 [egg:logger] init all loggers with options: {"dir":"C:\\Users\\Spana\\Desktop\\egg-demo\\logs\\demo","encoding":"utf8","env":"local","level":"INFO","consoleLevel":"INFO","disableConsoleAfterReady":false,"outputJSON":false,"buffer":true,"appLogName":"demo-web.log","coreLogName":"egg-web.log","agentLogName":"egg-agent.log","errorLogName":"common-error.log","coreLogger":{"consoleLevel":"WARN"},"allowDebugAtProd":false,"type":"application"}
2021-08-09 23:00:00,449 INFO 18276 [egg-multipart] stream mode enable
2021-08-09 23:00:00,984 INFO 18276 [egg-static] starting static serve /public/ -> C:\Users\Spana\Desktop\egg-demo\app\public
2021-08-09 23:00:00,987 INFO 18276 [egg-security] use methodnoallow middleware
2021-08-09 23:00:00,987 INFO 18276 [egg-security] use noopen middleware
2021-08-09 23:00:00,988 INFO 18276 [egg-security] use nosniff middleware
2021-08-09 23:00:00,989 INFO 18276 [egg-security] use xssProtection middleware
2021-08-09 23:00:00,990 INFO 18276 [egg-security] use xframe middleware
2021-08-09 23:00:00,990 INFO 18276 [egg-security] use dta middleware
2021-08-09 23:00:00,990 INFO 18276 [egg-security] compose 6 middlewares into one security middleware
2021-08-09 23:00:01,008 INFO 18276 [egg:core] dump config after load, 5ms
2021-08-09 23:00:01,054 INFO 18276 [egg-watcher:application] watcher start success
2021-08-09 23:00:01,091 INFO 18276 [egg:core] dump config after ready, 7ms
2021-08-09 23:00:14,525 INFO 11408 [egg:logger] init all loggers with options: {"dir":"C:\\Users\\Spana\\Desktop\\egg-demo\\logs\\demo","encoding":"utf8","env":"local","level":"INFO","consoleLevel":"INFO","disableConsoleAfterReady":false,"outputJSON":false,"buffer":true,"appLogName":"demo-web.log","coreLogName":"egg-web.log","agentLogName":"egg-agent.log","errorLogName":"common-error.log","coreLogger":{"consoleLevel":"WARN"},"allowDebugAtProd":false,"type":"application"}
2021-08-09 23:00:14,555 INFO 11408 [egg-multipart] stream mode enable
2021-08-09 23:00:15,058 INFO 11408 [egg-static] starting static serve /public/ -> C:\Users\Spana\Desktop\egg-demo\app\public
2021-08-09 23:00:15,060 INFO 11408 [egg-security] use methodnoallow middleware
2021-08-09 23:00:15,061 INFO 11408 [egg-security] use noopen middleware
2021-08-09 23:00:15,062 INFO 11408 [egg-security] use nosniff middleware
2021-08-09 23:00:15,063 INFO 11408 [egg-security] use xssProtection middleware
2021-08-09 23:00:15,063 INFO 11408 [egg-security] use xframe middleware
2021-08-09 23:00:15,064 INFO 11408 [egg-security] use dta middleware
2021-08-09 23:00:15,064 INFO 11408 [egg-security] compose 6 middlewares into one security middleware
2021-08-09 23:00:15,081 INFO 11408 [egg:core] dump config after load, 5ms
2021-08-09 23:00:15,127 INFO 11408 [egg-watcher:application] watcher start success
2021-08-09 23:00:15,160 INFO 11408 [egg:core] dump config after ready, 7ms
2021-08-09 23:00:25,596 INFO 20212 [egg:logger] init all loggers with options: {"dir":"C:\\Users\\Spana\\Desktop\\egg-demo\\logs\\demo","encoding":"utf8","env":"local","level":"INFO","consoleLevel":"INFO","disableConsoleAfterReady":false,"outputJSON":false,"buffer":true,"appLogName":"demo-web.log","coreLogName":"egg-web.log","agentLogName":"egg-agent.log","errorLogName":"common-error.log","coreLogger":{"consoleLevel":"WARN"},"allowDebugAtProd":false,"type":"application"}
2021-08-09 23:00:25,624 INFO 20212 [egg-multipart] stream mode enable
2021-08-09 23:00:26,121 INFO 20212 [egg-static] starting static serve /public/ -> C:\Users\Spana\Desktop\egg-demo\app\public
2021-08-09 23:00:26,123 INFO 20212 [egg-security] use methodnoallow middleware
2021-08-09 23:00:26,124 INFO 20212 [egg-security] use noopen middleware
2021-08-09 23:00:26,124 INFO 20212 [egg-security] use nosniff middleware
2021-08-09 23:00:26,125 INFO 20212 [egg-security] use xssProtection middleware
2021-08-09 23:00:26,126 INFO 20212 [egg-security] use xframe middleware
2021-08-09 23:00:26,126 INFO 20212 [egg-security] use dta middleware
2021-08-09 23:00:26,126 INFO 20212 [egg-security] compose 6 middlewares into one security middleware
2021-08-09 23:00:26,143 INFO 20212 [egg:core] dump config after load, 4ms
2021-08-09 23:00:26,187 INFO 20212 [egg-watcher:application] watcher start success
2021-08-09 23:00:26,220 INFO 20212 [egg:core] dump config after ready, 6ms
2021-08-09 23:00:35,464 INFO 18464 [egg:logger] init all loggers with options: {"dir":"C:\\Users\\Spana\\Desktop\\egg-demo\\logs\\demo","encoding":"utf8","env":"local","level":"INFO","consoleLevel":"INFO","disableConsoleAfterReady":false,"outputJSON":false,"buffer":true,"appLogName":"demo-web.log","coreLogName":"egg-web.log","agentLogName":"egg-agent.log","errorLogName":"common-error.log","coreLogger":{"consoleLevel":"WARN"},"allowDebugAtProd":false,"type":"application"}
2021-08-09 23:00:35,492 INFO 18464 [egg-multipart] stream mode enable
2021-08-09 23:00:35,992 INFO 18464 [egg-static] starting static serve /public/ -> C:\Users\Spana\Desktop\egg-demo\app\public
2021-08-09 23:00:35,994 INFO 18464 [egg-security] use methodnoallow middleware
2021-08-09 23:00:35,994 INFO 18464 [egg-security] use noopen middleware
2021-08-09 23:00:35,995 INFO 18464 [egg-security] use nosniff middleware
2021-08-09 23:00:35,996 INFO 18464 [egg-security] use xssProtection middleware
2021-08-09 23:00:35,997 INFO 18464 [egg-security] use xframe middleware
2021-08-09 23:00:35,997 INFO 18464 [egg-security] use dta middleware
2021-08-09 23:00:35,997 INFO 18464 [egg-security] compose 6 middlewares into one security middleware
2021-08-09 23:00:36,015 INFO 18464 [egg:core] dump config after load, 5ms
2021-08-09 23:00:36,058 INFO 18464 [egg-watcher:application] watcher start success
2021-08-09 23:00:36,094 INFO 18464 [egg:core] dump config after ready, 6ms
2021-08-09 23:01:01,026 INFO 21756 [egg:logger] init all loggers with options: {"dir":"C:\\Users\\Spana\\Desktop\\egg-demo\\logs\\demo","encoding":"utf8","env":"local","level":"INFO","consoleLevel":"INFO","disableConsoleAfterReady":false,"outputJSON":false,"buffer":true,"appLogName":"demo-web.log","coreLogName":"egg-web.log","agentLogName":"egg-agent.log","errorLogName":"common-error.log","coreLogger":{"consoleLevel":"WARN"},"allowDebugAtProd":false,"type":"application"}
2021-08-09 23:01:01,055 INFO 21756 [egg-multipart] stream mode enable
2021-08-09 23:01:01,567 INFO 21756 [egg-static] starting static serve /public/ -> C:\Users\Spana\Desktop\egg-demo\app\public
2021-08-09 23:01:01,570 INFO 21756 [egg-security] use methodnoallow middleware
2021-08-09 23:01:01,570 INFO 21756 [egg-security] use noopen middleware
2021-08-09 23:01:01,571 INFO 21756 [egg-security] use nosniff middleware
2021-08-09 23:01:01,572 INFO 21756 [egg-security] use xssProtection middleware
2021-08-09 23:01:01,573 INFO 21756 [egg-security] use xframe middleware
2021-08-09 23:01:01,573 INFO 21756 [egg-security] use dta middleware
2021-08-09 23:01:01,573 INFO 21756 [egg-security] compose 6 middlewares into one security middleware
2021-08-09 23:01:01,591 INFO 21756 [egg:core] dump config after load, 5ms
2021-08-09 23:01:01,635 INFO 21756 [egg-watcher:application] watcher start success
2021-08-09 23:01:01,667 INFO 21756 [egg:core] dump config after ready, 6ms
2021-08-09 23:01:08,347 INFO 17780 [egg:logger] init all loggers with options: {"dir":"C:\\Users\\Spana\\Desktop\\egg-demo\\logs\\demo","encoding":"utf8","env":"local","level":"INFO","consoleLevel":"INFO","disableConsoleAfterReady":false,"outputJSON":false,"buffer":true,"appLogName":"demo-web.log","coreLogName":"egg-web.log","agentLogName":"egg-agent.log","errorLogName":"common-error.log","coreLogger":{"consoleLevel":"WARN"},"allowDebugAtProd":false,"type":"application"}
2021-08-09 23:01:08,376 INFO 17780 [egg-multipart] stream mode enable
2021-08-09 23:01:08,878 INFO 17780 [egg-static] starting static serve /public/ -> C:\Users\Spana\Desktop\egg-demo\app\public
2021-08-09 23:01:08,880 INFO 17780 [egg-security] use methodnoallow middleware
2021-08-09 23:01:08,881 INFO 17780 [egg-security] use noopen middleware
2021-08-09 23:01:08,881 INFO 17780 [egg-security] use nosniff middleware
2021-08-09 23:01:08,882 INFO 17780 [egg-security] use xssProtection middleware
2021-08-09 23:01:08,883 INFO 17780 [egg-security] use xframe middleware
2021-08-09 23:01:08,883 INFO 17780 [egg-security] use dta middleware
2021-08-09 23:01:08,883 INFO 17780 [egg-security] compose 6 middlewares into one security middleware
2021-08-09 23:01:08,900 INFO 17780 [egg:core] dump config after load, 5ms
2021-08-09 23:01:08,943 INFO 17780 [egg-watcher:application] watcher start success
2021-08-09 23:01:08,976 INFO 17780 [egg:core] dump config after ready, 6ms
2021-08-09 23:01:14,987 INFO 19476 [egg:logger] init all loggers with options: {"dir":"C:\\Users\\Spana\\Desktop\\egg-demo\\logs\\demo","encoding":"utf8","env":"local","level":"INFO","consoleLevel":"INFO","disableConsoleAfterReady":false,"outputJSON":false,"buffer":true,"appLogName":"demo-web.log","coreLogName":"egg-web.log","agentLogName":"egg-agent.log","errorLogName":"common-error.log","coreLogger":{"consoleLevel":"WARN"},"allowDebugAtProd":false,"type":"application"}
2021-08-09 23:01:15,015 INFO 19476 [egg-multipart] stream mode enable
2021-08-09 23:01:15,518 INFO 19476 [egg-static] starting static serve /public/ -> C:\Users\Spana\Desktop\egg-demo\app\public
2021-08-09 23:01:15,521 INFO 19476 [egg-security] use methodnoallow middleware
2021-08-09 23:01:15,521 INFO 19476 [egg-security] use noopen middleware
2021-08-09 23:01:15,522 INFO 19476 [egg-security] use nosniff middleware
2021-08-09 23:01:15,523 INFO 19476 [egg-security] use xssProtection middleware
2021-08-09 23:01:15,524 INFO 19476 [egg-security] use xframe middleware
2021-08-09 23:01:15,524 INFO 19476 [egg-security] use dta middleware
2021-08-09 23:01:15,524 INFO 19476 [egg-security] compose 6 middlewares into one security middleware
2021-08-09 23:01:15,541 INFO 19476 [egg:core] dump config after load, 5ms
2021-08-09 23:01:15,584 INFO 19476 [egg-watcher:application] watcher start success
2021-08-09 23:01:15,618 INFO 19476 [egg:core] dump config after ready, 6ms
2021-08-09 23:01:22,154 INFO 20832 [egg:logger] init all loggers with options: {"dir":"C:\\Users\\Spana\\Desktop\\egg-demo\\logs\\demo","encoding":"utf8","env":"local","level":"INFO","consoleLevel":"INFO","disableConsoleAfterReady":false,"outputJSON":false,"buffer":true,"appLogName":"demo-web.log","coreLogName":"egg-web.log","agentLogName":"egg-agent.log","errorLogName":"common-error.log","coreLogger":{"consoleLevel":"WARN"},"allowDebugAtProd":false,"type":"application"}
2021-08-09 23:01:22,181 INFO 20832 [egg-multipart] stream mode enable
2021-08-09 23:01:22,679 INFO 20832 [egg-static] starting static serve /public/ -> C:\Users\Spana\Desktop\egg-demo\app\public
2021-08-09 23:01:22,681 INFO 20832 [egg-security] use methodnoallow middleware
2021-08-09 23:01:22,681 INFO 20832 [egg-security] use noopen middleware
2021-08-09 23:01:22,682 INFO 20832 [egg-security] use nosniff middleware
2021-08-09 23:01:22,683 INFO 20832 [egg-security] use xssProtection middleware
2021-08-09 23:01:22,684 INFO 20832 [egg-security] use xframe middleware
2021-08-09 23:01:22,684 INFO 20832 [egg-security] use dta middleware
2021-08-09 23:01:22,684 INFO 20832 [egg-security] compose 6 middlewares into one security middleware
2021-08-09 23:01:22,701 INFO 20832 [egg:core] dump config after load, 5ms
2021-08-09 23:01:22,744 INFO 20832 [egg-watcher:application] watcher start success
2021-08-09 23:01:22,805 INFO 20832 [egg:core] dump config after ready, 7ms
2021-08-09 23:01:42,690 INFO 15952 [egg:logger] init all loggers with options: {"dir":"C:\\Users\\Spana\\Desktop\\egg-demo\\logs\\demo","encoding":"utf8","env":"local","level":"INFO","consoleLevel":"INFO","disableConsoleAfterReady":false,"outputJSON":false,"buffer":true,"appLogName":"demo-web.log","coreLogName":"egg-web.log","agentLogName":"egg-agent.log","errorLogName":"common-error.log","coreLogger":{"consoleLevel":"WARN"},"allowDebugAtProd":false,"type":"application"}
2021-08-09 23:01:42,719 INFO 15952 [egg-multipart] stream mode enable
2021-08-09 23:01:43,225 INFO 15952 [egg-static] starting static serve /public/ -> C:\Users\Spana\Desktop\egg-demo\app\public
2021-08-09 23:01:43,227 INFO 15952 [egg-security] use methodnoallow middleware
2021-08-09 23:01:43,228 INFO 15952 [egg-security] use noopen middleware
2021-08-09 23:01:43,229 INFO 15952 [egg-security] use nosniff middleware
2021-08-09 23:01:43,230 INFO 15952 [egg-security] use xssProtection middleware
2021-08-09 23:01:43,230 INFO 15952 [egg-security] use xframe middleware
2021-08-09 23:01:43,231 INFO 15952 [egg-security] use dta middleware
2021-08-09 23:01:43,231 INFO 15952 [egg-security] compose 6 middlewares into one security middleware
2021-08-09 23:01:43,249 INFO 15952 [egg:core] dump config after load, 6ms
2021-08-09 23:01:43,293 INFO 15952 [egg-watcher:application] watcher start success
2021-08-09 23:01:43,331 INFO 15952 [egg:core] dump config after ready, 6ms
2021-08-09 23:01:51,609 INFO 21468 [egg:logger] init all loggers with options: {"dir":"C:\\Users\\Spana\\Desktop\\egg-demo\\logs\\demo","encoding":"utf8","env":"local","level":"INFO","consoleLevel":"INFO","disableConsoleAfterReady":false,"outputJSON":false,"buffer":true,"appLogName":"demo-web.log","coreLogName":"egg-web.log","agentLogName":"egg-agent.log","errorLogName":"common-error.log","coreLogger":{"consoleLevel":"WARN"},"allowDebugAtProd":false,"type":"application"}
2021-08-09 23:01:51,638 INFO 21468 [egg-multipart] stream mode enable
2021-08-09 23:01:52,132 INFO 21468 [egg-static] starting static serve /public/ -> C:\Users\Spana\Desktop\egg-demo\app\public
2021-08-09 23:01:52,135 INFO 21468 [egg-security] use methodnoallow middleware
2021-08-09 23:01:52,135 INFO 21468 [egg-security] use noopen middleware
2021-08-09 23:01:52,136 INFO 21468 [egg-security] use nosniff middleware
2021-08-09 23:01:52,137 INFO 21468 [egg-security] use xssProtection middleware
2021-08-09 23:01:52,137 INFO 21468 [egg-security] use xframe middleware
2021-08-09 23:01:52,138 INFO 21468 [egg-security] use dta middleware
2021-08-09 23:01:52,138 INFO 21468 [egg-security] compose 6 middlewares into one security middleware
2021-08-09 23:01:52,155 INFO 21468 [egg:core] dump config after load, 5ms
2021-08-09 23:01:52,198 INFO 21468 [egg-watcher:application] watcher start success
2021-08-09 23:01:52,231 INFO 21468 [egg:core] dump config after ready, 6ms
2021-08-09 23:02:19,849 INFO 21196 [egg:logger] init all loggers with options: {"dir":"C:\\Users\\Spana\\Desktop\\egg-demo\\logs\\demo","encoding":"utf8","env":"local","level":"INFO","consoleLevel":"INFO","disableConsoleAfterReady":false,"outputJSON":false,"buffer":true,"appLogName":"demo-web.log","coreLogName":"egg-web.log","agentLogName":"egg-agent.log","errorLogName":"common-error.log","coreLogger":{"consoleLevel":"WARN"},"allowDebugAtProd":false,"type":"application"}
2021-08-09 23:02:19,878 INFO 21196 [egg-multipart] stream mode enable
2021-08-09 23:02:20,378 INFO 21196 [egg-static] starting static serve /public/ -> C:\Users\Spana\Desktop\egg-demo\app\public
2021-08-09 23:02:20,381 INFO 21196 [egg-security] use methodnoallow middleware
2021-08-09 23:02:20,381 INFO 21196 [egg-security] use noopen middleware
2021-08-09 23:02:20,382 INFO 21196 [egg-security] use nosniff middleware
2021-08-09 23:02:20,383 INFO 21196 [egg-security] use xssProtection middleware
2021-08-09 23:02:20,384 INFO 21196 [egg-security] use xframe middleware
2021-08-09 23:02:20,384 INFO 21196 [egg-security] use dta middleware
2021-08-09 23:02:20,384 INFO 21196 [egg-security] compose 6 middlewares into one security middleware
2021-08-09 23:02:20,402 INFO 21196 [egg:core] dump config after load, 5ms
2021-08-09 23:02:20,446 INFO 21196 [egg-watcher:application] watcher start success
2021-08-09 23:02:20,480 INFO 21196 [egg:core] dump config after ready, 6ms
2021-08-09 23:03:19,832 INFO 18388 [egg:logger] init all loggers with options: {"dir":"C:\\Users\\Spana\\Desktop\\egg-demo\\logs\\demo","encoding":"utf8","env":"local","level":"INFO","consoleLevel":"INFO","disableConsoleAfterReady":false,"outputJSON":false,"buffer":true,"appLogName":"demo-web.log","coreLogName":"egg-web.log","agentLogName":"egg-agent.log","errorLogName":"common-error.log","coreLogger":{"consoleLevel":"WARN"},"allowDebugAtProd":false,"type":"application"}
2021-08-09 23:03:19,861 INFO 18388 [egg-multipart] stream mode enable
2021-08-09 23:03:20,364 INFO 18388 [egg-static] starting static serve /public/ -> C:\Users\Spana\Desktop\egg-demo\app\public
2021-08-09 23:03:20,366 INFO 18388 [egg-security] use methodnoallow middleware
2021-08-09 23:03:20,367 INFO 18388 [egg-security] use noopen middleware
2021-08-09 23:03:20,368 INFO 18388 [egg-security] use nosniff middleware
2021-08-09 23:03:20,368 INFO 18388 [egg-security] use xssProtection middleware
2021-08-09 23:03:20,369 INFO 18388 [egg-security] use xframe middleware
2021-08-09 23:03:20,370 INFO 18388 [egg-security] use dta middleware
2021-08-09 23:03:20,370 INFO 18388 [egg-security] compose 6 middlewares into one security middleware
2021-08-09 23:03:20,387 INFO 18388 [egg:core] dump config after load, 5ms
2021-08-09 23:03:20,430 INFO 18388 [egg-watcher:application] watcher start success
2021-08-09 23:03:20,463 INFO 18388 [egg:core] dump config after ready, 6ms
2021-08-09 23:03:33,287 INFO 19312 [egg:logger] init all loggers with options: {"dir":"C:\\Users\\Spana\\Desktop\\egg-demo\\logs\\demo","encoding":"utf8","env":"local","level":"INFO","consoleLevel":"INFO","disableConsoleAfterReady":false,"outputJSON":false,"buffer":true,"appLogName":"demo-web.log","coreLogName":"egg-web.log","agentLogName":"egg-agent.log","errorLogName":"common-error.log","coreLogger":{"consoleLevel":"WARN"},"allowDebugAtProd":false,"type":"application"}
2021-08-09 23:03:33,318 INFO 19312 [egg-multipart] stream mode enable
2021-08-09 23:03:33,856 INFO 19312 [egg-static] starting static serve /public/ -> C:\Users\Spana\Desktop\egg-demo\app\public
2021-08-09 23:03:33,859 INFO 19312 [egg-security] use methodnoallow middleware
2021-08-09 23:03:33,860 INFO 19312 [egg-security] use noopen middleware
2021-08-09 23:03:33,861 INFO 19312 [egg-security] use nosniff middleware
2021-08-09 23:03:33,862 INFO 19312 [egg-security] use xssProtection middleware
2021-08-09 23:03:33,862 INFO 19312 [egg-security] use xframe middleware
2021-08-09 23:03:33,863 INFO 19312 [egg-security] use dta middleware
2021-08-09 23:03:33,863 INFO 19312 [egg-security] compose 6 middlewares into one security middleware
2021-08-09 23:03:33,883 INFO 19312 [egg:core] dump config after load, 5ms
2021-08-09 23:03:33,934 INFO 19312 [egg-watcher:application] watcher start success
2021-08-09 23:03:33,974 INFO 19312 [egg:core] dump config after ready, 7ms
2021-08-09 23:03:40,597 INFO 7332 [egg:logger] init all loggers with options: {"dir":"C:\\Users\\Spana\\Desktop\\egg-demo\\logs\\demo","encoding":"utf8","env":"local","level":"INFO","consoleLevel":"INFO","disableConsoleAfterReady":false,"outputJSON":false,"buffer":true,"appLogName":"demo-web.log","coreLogName":"egg-web.log","agentLogName":"egg-agent.log","errorLogName":"common-error.log","coreLogger":{"consoleLevel":"WARN"},"allowDebugAtProd":false,"type":"application"}
2021-08-09 23:03:40,626 INFO 7332 [egg-multipart] stream mode enable
2021-08-09 23:03:41,127 INFO 7332 [egg-static] starting static serve /public/ -> C:\Users\Spana\Desktop\egg-demo\app\public
2021-08-09 23:03:41,129 INFO 7332 [egg-security] use methodnoallow middleware
2021-08-09 23:03:41,130 INFO 7332 [egg-security] use noopen middleware
2021-08-09 23:03:41,131 INFO 7332 [egg-security] use nosniff middleware
2021-08-09 23:03:41,131 INFO 7332 [egg-security] use xssProtection middleware
2021-08-09 23:03:41,132 INFO 7332 [egg-security] use xframe middleware
2021-08-09 23:03:41,133 INFO 7332 [egg-security] use dta middleware
2021-08-09 23:03:41,133 INFO 7332 [egg-security] compose 6 middlewares into one security middleware
2021-08-09 23:03:41,150 INFO 7332 [egg:core] dump config after load, 5ms
2021-08-09 23:03:41,194 INFO 7332 [egg-watcher:application] watcher start success
2021-08-09 23:03:41,228 INFO 7332 [egg:core] dump config after ready, 7ms
2021-08-09 23:03:58,965 INFO 7936 [egg:logger] init all loggers with options: {"dir":"C:\\Users\\Spana\\Desktop\\egg-demo\\logs\\demo","encoding":"utf8","env":"local","level":"INFO","consoleLevel":"INFO","disableConsoleAfterReady":false,"outputJSON":false,"buffer":true,"appLogName":"demo-web.log","coreLogName":"egg-web.log","agentLogName":"egg-agent.log","errorLogName":"common-error.log","coreLogger":{"consoleLevel":"WARN"},"allowDebugAtProd":false,"type":"application"}
2021-08-09 23:03:58,993 INFO 7936 [egg-multipart] stream mode enable
2021-08-09 23:03:59,487 INFO 7936 [egg-static] starting static serve /public/ -> C:\Users\Spana\Desktop\egg-demo\app\public
2021-08-09 23:03:59,489 INFO 7936 [egg-security] use methodnoallow middleware
2021-08-09 23:03:59,490 INFO 7936 [egg-security] use noopen middleware
2021-08-09 23:03:59,491 INFO 7936 [egg-security] use nosniff middleware
2021-08-09 23:03:59,491 INFO 7936 [egg-security] use xssProtection middleware
2021-08-09 23:03:59,492 INFO 7936 [egg-security] use xframe middleware
2021-08-09 23:03:59,493 INFO 7936 [egg-security] use dta middleware
2021-08-09 23:03:59,493 INFO 7936 [egg-security] compose 6 middlewares into one security middleware
2021-08-09 23:03:59,510 INFO 7936 [egg:core] dump config after load, 4ms
2021-08-09 23:03:59,553 INFO 7936 [egg-watcher:application] watcher start success
2021-08-09 23:03:59,586 INFO 7936 [egg:core] dump config after ready, 6ms
2021-08-09 23:04:23,013 INFO 5596 [egg:logger] init all loggers with options: {"dir":"C:\\Users\\Spana\\Desktop\\egg-demo\\logs\\demo","encoding":"utf8","env":"local","level":"INFO","consoleLevel":"INFO","disableConsoleAfterReady":false,"outputJSON":false,"buffer":true,"appLogName":"demo-web.log","coreLogName":"egg-web.log","agentLogName":"egg-agent.log","errorLogName":"common-error.log","coreLogger":{"consoleLevel":"WARN"},"allowDebugAtProd":false,"type":"application"}
2021-08-09 23:04:23,042 INFO 5596 [egg-multipart] stream mode enable
2021-08-09 23:04:23,555 INFO 5596 [egg-static] starting static serve /public/ -> C:\Users\Spana\Desktop\egg-demo\app\public
2021-08-09 23:04:23,557 INFO 5596 [egg-security] use methodnoallow middleware
2021-08-09 23:04:23,558 INFO 5596 [egg-security] use noopen middleware
2021-08-09 23:04:23,559 INFO 5596 [egg-security] use nosniff middleware
2021-08-09 23:04:23,560 INFO 5596 [egg-security] use xssProtection middleware
2021-08-09 23:04:23,560 INFO 5596 [egg-security] use xframe middleware
2021-08-09 23:04:23,561 INFO 5596 [egg-security] use dta middleware
2021-08-09 23:04:23,561 INFO 5596 [egg-security] compose 6 middlewares into one security middleware
2021-08-09 23:04:23,578 INFO 5596 [egg:core] dump config after load, 5ms
2021-08-09 23:04:23,622 INFO 5596 [egg-watcher:application] watcher start success
2021-08-09 23:04:23,694 INFO 5596 [egg:core] dump config after ready, 6ms
2021-08-09 23:04:42,333 INFO 21628 [egg:logger] init all loggers with options: {"dir":"C:\\Users\\Spana\\Desktop\\egg-demo\\logs\\demo","encoding":"utf8","env":"local","level":"INFO","consoleLevel":"INFO","disableConsoleAfterReady":false,"outputJSON":false,"buffer":true,"appLogName":"demo-web.log","coreLogName":"egg-web.log","agentLogName":"egg-agent.log","errorLogName":"common-error.log","coreLogger":{"consoleLevel":"WARN"},"allowDebugAtProd":false,"type":"application"}
2021-08-09 23:04:42,362 INFO 21628 [egg-multipart] stream mode enable
2021-08-09 23:04:42,855 INFO 21628 [egg-static] starting static serve /public/ -> C:\Users\Spana\Desktop\egg-demo\app\public
2021-08-09 23:04:42,857 INFO 21628 [egg-security] use methodnoallow middleware
2021-08-09 23:04:42,858 INFO 21628 [egg-security] use noopen middleware
2021-08-09 23:04:42,859 INFO 21628 [egg-security] use nosniff middleware
2021-08-09 23:04:42,859 INFO 21628 [egg-security] use xssProtection middleware
2021-08-09 23:04:42,860 INFO 21628 [egg-security] use xframe middleware
2021-08-09 23:04:42,861 INFO 21628 [egg-security] use dta middleware
2021-08-09 23:04:42,861 INFO 21628 [egg-security] compose 6 middlewares into one security middleware
2021-08-09 23:04:42,878 INFO 21628 [egg:core] dump config after load, 5ms
2021-08-09 23:04:42,921 INFO 21628 [egg-watcher:application] watcher start success
2021-08-09 23:04:42,955 INFO 21628 [egg:core] dump config after ready, 8ms
2021-08-09 23:05:01,688 INFO 10776 [egg:logger] init all loggers with options: {"dir":"C:\\Users\\Spana\\Desktop\\egg-demo\\logs\\demo","encoding":"utf8","env":"local","level":"INFO","consoleLevel":"INFO","disableConsoleAfterReady":false,"outputJSON":false,"buffer":true,"appLogName":"demo-web.log","coreLogName":"egg-web.log","agentLogName":"egg-agent.log","errorLogName":"common-error.log","coreLogger":{"consoleLevel":"WARN"},"allowDebugAtProd":false,"type":"application"}
2021-08-09 23:05:01,718 INFO 10776 [egg-multipart] stream mode enable
2021-08-09 23:05:02,228 INFO 10776 [egg-static] starting static serve /public/ -> C:\Users\Spana\Desktop\egg-demo\app\public
2021-08-09 23:05:02,230 INFO 10776 [egg-security] use methodnoallow middleware
2021-08-09 23:05:02,231 INFO 10776 [egg-security] use noopen middleware
2021-08-09 23:05:02,231 INFO 10776 [egg-security] use nosniff middleware
2021-08-09 23:05:02,232 INFO 10776 [egg-security] use xssProtection middleware
2021-08-09 23:05:02,233 INFO 10776 [egg-security] use xframe middleware
2021-08-09 23:05:02,233 INFO 10776 [egg-security] use dta middleware
2021-08-09 23:05:02,234 INFO 10776 [egg-security] compose 6 middlewares into one security middleware
2021-08-09 23:05:02,251 INFO 10776 [egg:core] dump config after load, 5ms
2021-08-09 23:05:02,297 INFO 10776 [egg-watcher:application] watcher start success
2021-08-09 23:05:02,332 INFO 10776 [egg:core] dump config after ready, 6ms
2021-08-09 23:05:42,818 INFO 18904 [egg:logger] init all loggers with options: {"dir":"C:\\Users\\Spana\\Desktop\\egg-demo\\logs\\demo","encoding":"utf8","env":"local","level":"INFO","consoleLevel":"INFO","disableConsoleAfterReady":false,"outputJSON":false,"buffer":true,"appLogName":"demo-web.log","coreLogName":"egg-web.log","agentLogName":"egg-agent.log","errorLogName":"common-error.log","coreLogger":{"consoleLevel":"WARN"},"allowDebugAtProd":false,"type":"application"}
2021-08-09 23:05:42,846 INFO 18904 [egg-multipart] stream mode enable
2021-08-09 23:05:43,341 INFO 18904 [egg-static] starting static serve /public/ -> C:\Users\Spana\Desktop\egg-demo\app\public
2021-08-09 23:05:43,343 INFO 18904 [egg-security] use methodnoallow middleware
2021-08-09 23:05:43,344 INFO 18904 [egg-security] use noopen middleware
2021-08-09 23:05:43,345 INFO 18904 [egg-security] use nosniff middleware
2021-08-09 23:05:43,345 INFO 18904 [egg-security] use xssProtection middleware
2021-08-09 23:05:43,346 INFO 18904 [egg-security] use xframe middleware
2021-08-09 23:05:43,347 INFO 18904 [egg-security] use dta middleware
2021-08-09 23:05:43,347 INFO 18904 [egg-security] compose 6 middlewares into one security middleware
2021-08-09 23:05:43,364 INFO 18904 [egg:core] dump config after load, 5ms
2021-08-09 23:05:43,406 INFO 18904 [egg-watcher:application] watcher start success
2021-08-09 23:05:43,439 INFO 18904 [egg:core] dump config after ready, 6ms
2021-08-09 23:32:09,630 INFO 22068 [egg:logger] init all loggers with options: {"dir":"C:\\Users\\Spana\\Desktop\\Sunxy\\Sunxy-EC-Application\\logs\\demo","encoding":"utf8","env":"local","level":"INFO","consoleLevel":"INFO","disableConsoleAfterReady":false,"outputJSON":false,"buffer":true,"appLogName":"demo-web.log","coreLogName":"egg-web.log","agentLogName":"egg-agent.log","errorLogName":"common-error.log","coreLogger":{"consoleLevel":"WARN"},"allowDebugAtProd":false,"type":"application"}
2021-08-09 23:32:09,663 INFO 22068 [egg-multipart] stream mode enable
2021-08-09 23:32:10,106 INFO 22068 [egg-static] starting static serve /public/ -> C:\Users\Spana\Desktop\Sunxy\Sunxy-EC-Application\app\public
2021-08-09 23:32:10,108 INFO 22068 [egg-security] use methodnoallow middleware
2021-08-09 23:32:10,109 INFO 22068 [egg-security] use noopen middleware
2021-08-09 23:32:10,110 INFO 22068 [egg-security] use nosniff middleware
2021-08-09 23:32:10,111 INFO 22068 [egg-security] use xssProtection middleware
2021-08-09 23:32:10,112 INFO 22068 [egg-security] use xframe middleware
2021-08-09 23:32:10,113 INFO 22068 [egg-security] use dta middleware
2021-08-09 23:32:10,113 INFO 22068 [egg-security] compose 6 middlewares into one security middleware
2021-08-09 23:32:10,127 INFO 22068 [egg:core] dump config after load, 5ms
2021-08-09 23:32:10,173 INFO 22068 [egg-watcher:application] watcher start success
2021-08-09 23:32:10,206 INFO 22068 [egg:core] dump config after ready, 6ms
2021-08-09 23:34:34,351 INFO 20372 [egg:logger] init all loggers with options: {"dir":"C:\\Users\\Spana\\Desktop\\Sunxy\\Sunxy-EC-Application\\logs\\demo","encoding":"utf8","env":"local","level":"INFO","consoleLevel":"INFO","disableConsoleAfterReady":false,"outputJSON":false,"buffer":true,"appLogName":"demo-web.log","coreLogName":"egg-web.log","agentLogName":"egg-agent.log","errorLogName":"common-error.log","coreLogger":{"consoleLevel":"WARN"},"allowDebugAtProd":false,"type":"application"}
2021-08-09 23:34:34,381 INFO 20372 [egg-multipart] stream mode enable
2021-08-09 23:34:34,834 INFO 20372 [egg-static] starting static serve /public/ -> C:\Users\Spana\Desktop\Sunxy\Sunxy-EC-Application\app\public
2021-08-09 23:34:34,836 INFO 20372 [egg-security] use methodnoallow middleware
2021-08-09 23:34:34,837 INFO 20372 [egg-security] use noopen middleware
2021-08-09 23:34:34,838 INFO 20372 [egg-security] use nosniff middleware
2021-08-09 23:34:34,839 INFO 20372 [egg-security] use xssProtection middleware
2021-08-09 23:34:34,839 INFO 20372 [egg-security] use xframe middleware
2021-08-09 23:34:34,841 INFO 20372 [egg-security] use dta middleware
2021-08-09 23:34:34,841 INFO 20372 [egg-security] compose 6 middlewares into one security middleware
2021-08-09 23:34:34,856 INFO 20372 [egg:core] dump config after load, 5ms
2021-08-09 23:34:34,902 INFO 20372 [egg-watcher:application] watcher start success
2021-08-09 23:34:34,936 INFO 20372 [egg:core] dump config after ready, 6ms
2021-08-09 23:39:07,870 INFO 20544 [egg:logger] init all loggers with options: {"dir":"C:\\Users\\Spana\\Desktop\\Sunxy\\Sunxy-EC-Application\\logs\\demo","encoding":"utf8","env":"local","level":"INFO","consoleLevel":"INFO","disableConsoleAfterReady":false,"outputJSON":false,"buffer":true,"appLogName":"demo-web.log","coreLogName":"egg-web.log","agentLogName":"egg-agent.log","errorLogName":"common-error.log","coreLogger":{"consoleLevel":"WARN"},"allowDebugAtProd":false,"type":"application"}
2021-08-09 23:39:07,900 INFO 20544 [egg-multipart] stream mode enable
2021-08-09 23:39:08,375 INFO 20544 [egg-static] starting static serve /public/ -> C:\Users\Spana\Desktop\Sunxy\Sunxy-EC-Application\app\public
2021-08-09 23:39:08,378 INFO 20544 [egg-security] use methodnoallow middleware
2021-08-09 23:39:08,379 INFO 20544 [egg-security] use noopen middleware
2021-08-09 23:39:08,380 INFO 20544 [egg-security] use nosniff middleware
2021-08-09 23:39:08,381 INFO 20544 [egg-security] use xssProtection middleware
2021-08-09 23:39:08,382 INFO 20544 [egg-security] use xframe middleware
2021-08-09 23:39:08,383 INFO 20544 [egg-security] use dta middleware
2021-08-09 23:39:08,383 INFO 20544 [egg-security] compose 6 middlewares into one security middleware
2021-08-09 23:39:08,400 INFO 20544 [egg:core] dump config after load, 6ms
2021-08-09 23:39:08,450 INFO 20544 [egg-watcher:application] watcher start success
2021-08-09 23:39:08,495 INFO 20544 [egg:core] dump config after ready, 8ms
2021-08-09 23:40:59,227 INFO 22380 [egg:logger] init all loggers with options: {"dir":"C:\\Users\\Spana\\Desktop\\Sunxy\\Sunxy-EC-Application\\logs\\demo","encoding":"utf8","env":"local","level":"INFO","consoleLevel":"INFO","disableConsoleAfterReady":false,"outputJSON":false,"buffer":true,"appLogName":"demo-web.log","coreLogName":"egg-web.log","agentLogName":"egg-agent.log","errorLogName":"common-error.log","coreLogger":{"consoleLevel":"WARN"},"allowDebugAtProd":false,"type":"application"}
2021-08-09 23:40:59,257 INFO 22380 [egg-multipart] stream mode enable
2021-08-09 23:40:59,752 INFO 22380 [egg-static] starting static serve /public/ -> C:\Users\Spana\Desktop\Sunxy\Sunxy-EC-Application\app\public
2021-08-09 23:40:59,755 INFO 22380 [egg-security] use methodnoallow middleware
2021-08-09 23:40:59,756 INFO 22380 [egg-security] use noopen middleware
2021-08-09 23:40:59,757 INFO 22380 [egg-security] use nosniff middleware
2021-08-09 23:40:59,759 INFO 22380 [egg-security] use xssProtection middleware
2021-08-09 23:40:59,760 INFO 22380 [egg-security] use xframe middleware
2021-08-09 23:40:59,762 INFO 22380 [egg-security] use dta middleware
2021-08-09 23:40:59,762 INFO 22380 [egg-security] compose 6 middlewares into one security middleware
2021-08-09 23:40:59,782 INFO 22380 [egg:core] dump config after load, 6ms
2021-08-09 23:40:59,837 INFO 22380 [egg-watcher:application] watcher start success
2021-08-09 23:40:59,873 INFO 22380 [egg:core] dump config after ready, 7ms
2021-08-09 23:41:30,703 INFO 17360 [egg:logger] init all loggers with options: {"dir":"C:\\Users\\Spana\\Desktop\\Sunxy\\Sunxy-EC-Application\\logs\\demo","encoding":"utf8","env":"local","level":"INFO","consoleLevel":"INFO","disableConsoleAfterReady":false,"outputJSON":false,"buffer":true,"appLogName":"demo-web.log","coreLogName":"egg-web.log","agentLogName":"egg-agent.log","errorLogName":"common-error.log","coreLogger":{"consoleLevel":"WARN"},"allowDebugAtProd":false,"type":"application"}
2021-08-09 23:41:30,734 INFO 17360 [egg-multipart] stream mode enable
2021-08-09 23:41:31,198 INFO 17360 [egg-static] starting static serve /public/ -> C:\Users\Spana\Desktop\Sunxy\Sunxy-EC-Application\app\public
2021-08-09 23:41:31,201 INFO 17360 [egg-security] use methodnoallow middleware
2021-08-09 23:41:31,201 INFO 17360 [egg-security] use noopen middleware
2021-08-09 23:41:31,202 INFO 17360 [egg-security] use nosniff middleware
2021-08-09 23:41:31,203 INFO 17360 [egg-security] use xssProtection middleware
2021-08-09 23:41:31,204 INFO 17360 [egg-security] use xframe middleware
2021-08-09 23:41:31,205 INFO 17360 [egg-security] use dta middleware
2021-08-09 23:41:31,205 INFO 17360 [egg-security] compose 6 middlewares into one security middleware
2021-08-09 23:41:31,221 INFO 17360 [egg:core] dump config after load, 5ms
2021-08-09 23:41:31,265 INFO 17360 [egg-watcher:application] watcher start success
2021-08-09 23:41:31,297 INFO 17360 [egg:core] dump config after ready, 6ms
2021-08-09 23:42:01,326 INFO 22372 [egg:logger] init all loggers with options: {"dir":"C:\\Users\\Spana\\Desktop\\Sunxy\\Sunxy-EC-Application\\logs\\demo","encoding":"utf8","env":"local","level":"INFO","consoleLevel":"INFO","disableConsoleAfterReady":false,"outputJSON":false,"buffer":true,"appLogName":"demo-web.log","coreLogName":"egg-web.log","agentLogName":"egg-agent.log","errorLogName":"common-error.log","coreLogger":{"consoleLevel":"WARN"},"allowDebugAtProd":false,"type":"application"}
2021-08-09 23:42:01,357 INFO 22372 [egg-multipart] stream mode enable
2021-08-09 23:42:01,828 INFO 22372 [egg-static] starting static serve /public/ -> C:\Users\Spana\Desktop\Sunxy\Sunxy-EC-Application\app\public
2021-08-09 23:42:01,831 INFO 22372 [egg-security] use methodnoallow middleware
2021-08-09 23:42:01,831 INFO 22372 [egg-security] use noopen middleware
2021-08-09 23:42:01,832 INFO 22372 [egg-security] use nosniff middleware
2021-08-09 23:42:01,834 INFO 22372 [egg-security] use xssProtection middleware
2021-08-09 23:42:01,834 INFO 22372 [egg-security] use xframe middleware
2021-08-09 23:42:01,835 INFO 22372 [egg-security] use dta middleware
2021-08-09 23:42:01,835 INFO 22372 [egg-security] compose 6 middlewares into one security middleware
2021-08-09 23:42:01,852 INFO 22372 [egg:core] dump config after load, 6ms
2021-08-09 23:42:01,899 INFO 22372 [egg-watcher:application] watcher start success
2021-08-09 23:42:01,941 INFO 22372 [egg:core] dump config after ready, 8ms
2021-08-09 23:42:02,964 INFO 13868 [egg:logger] init all loggers with options: {"dir":"C:\\Users\\Spana\\Desktop\\Sunxy\\Sunxy-EC-Application\\logs\\demo","encoding":"utf8","env":"local","level":"INFO","consoleLevel":"INFO","disableConsoleAfterReady":false,"outputJSON":false,"buffer":true,"appLogName":"demo-web.log","coreLogName":"egg-web.log","agentLogName":"egg-agent.log","errorLogName":"common-error.log","coreLogger":{"consoleLevel":"WARN"},"allowDebugAtProd":false,"type":"application"}
2021-08-09 23:42:02,996 INFO 13868 [egg-multipart] stream mode enable
2021-08-09 23:42:03,449 INFO 13868 [egg-static] starting static serve /public/ -> C:\Users\Spana\Desktop\Sunxy\Sunxy-EC-Application\app\public
2021-08-09 23:42:03,451 INFO 13868 [egg-security] use methodnoallow middleware
2021-08-09 23:42:03,452 INFO 13868 [egg-security] use noopen middleware
2021-08-09 23:42:03,453 INFO 13868 [egg-security] use nosniff middleware
2021-08-09 23:42:03,453 INFO 13868 [egg-security] use xssProtection middleware
2021-08-09 23:42:03,454 INFO 13868 [egg-security] use xframe middleware
2021-08-09 23:42:03,455 INFO 13868 [egg-security] use dta middleware
2021-08-09 23:42:03,455 INFO 13868 [egg-security] compose 6 middlewares into one security middleware
2021-08-09 23:42:03,471 INFO 13868 [egg:core] dump config after load, 5ms
2021-08-09 23:42:03,517 INFO 13868 [egg-watcher:application] watcher start success
2021-08-09 23:42:03,552 INFO 13868 [egg:core] dump config after ready, 6ms
2021-08-09 23:42:08,785 INFO 6796 [egg:logger] init all loggers with options: {"dir":"C:\\Users\\Spana\\Desktop\\Sunxy\\Sunxy-EC-Application\\logs\\demo","encoding":"utf8","env":"local","level":"INFO","consoleLevel":"INFO","disableConsoleAfterReady":false,"outputJSON":false,"buffer":true,"appLogName":"demo-web.log","coreLogName":"egg-web.log","agentLogName":"egg-agent.log","errorLogName":"common-error.log","coreLogger":{"consoleLevel":"WARN"},"allowDebugAtProd":false,"type":"application"}
2021-08-09 23:42:08,817 INFO 6796 [egg-multipart] stream mode enable
2021-08-09 23:42:09,309 INFO 6796 [egg-static] starting static serve /public/ -> C:\Users\Spana\Desktop\Sunxy\Sunxy-EC-Application\app\public
2021-08-09 23:42:09,312 INFO 6796 [egg-security] use methodnoallow middleware
2021-08-09 23:42:09,312 INFO 6796 [egg-security] use noopen middleware
2021-08-09 23:42:09,313 INFO 6796 [egg-security] use nosniff middleware
2021-08-09 23:42:09,314 INFO 6796 [egg-security] use xssProtection middleware
2021-08-09 23:42:09,315 INFO 6796 [egg-security] use xframe middleware
2021-08-09 23:42:09,316 INFO 6796 [egg-security] use dta middleware
2021-08-09 23:42:09,316 INFO 6796 [egg-security] compose 6 middlewares into one security middleware
2021-08-09 23:42:09,333 INFO 6796 [egg:core] dump config after load, 6ms
2021-08-09 23:42:09,378 INFO 6796 [egg-watcher:application] watcher start success
2021-08-09 23:42:09,414 INFO 6796 [egg:core] dump config after ready, 7ms
2021-08-09 23:43:15,058 INFO 2768 [egg:logger] init all loggers with options: {"dir":"C:\\Users\\Spana\\Desktop\\Sunxy\\Sunxy-EC-Application\\logs\\demo","encoding":"utf8","env":"local","level":"INFO","consoleLevel":"INFO","disableConsoleAfterReady":false,"outputJSON":false,"buffer":true,"appLogName":"demo-web.log","coreLogName":"egg-web.log","agentLogName":"egg-agent.log","errorLogName":"common-error.log","coreLogger":{"consoleLevel":"WARN"},"allowDebugAtProd":false,"type":"application"}
2021-08-09 23:43:15,092 INFO 2768 [egg-multipart] stream mode enable
2021-08-09 23:43:15,584 INFO 2768 [egg-static] starting static serve /public/ -> C:\Users\Spana\Desktop\Sunxy\Sunxy-EC-Application\app\public
2021-08-09 23:43:15,586 INFO 2768 [egg-security] use methodnoallow middleware
2021-08-09 23:43:15,587 INFO 2768 [egg-security] use noopen middleware
2021-08-09 23:43:15,588 INFO 2768 [egg-security] use nosniff middleware
2021-08-09 23:43:15,589 INFO 2768 [egg-security] use xssProtection middleware
2021-08-09 23:43:15,590 INFO 2768 [egg-security] use xframe middleware
2021-08-09 23:43:15,591 INFO 2768 [egg-security] use dta middleware
2021-08-09 23:43:15,591 INFO 2768 [egg-security] compose 6 middlewares into one security middleware
2021-08-09 23:43:15,607 INFO 2768 [egg:core] dump config after load, 4ms
2021-08-09 23:43:15,651 INFO 2768 [egg-watcher:application] watcher start success
2021-08-09 23:43:15,684 INFO 2768 [egg:core] dump config after ready, 6ms
2021-08-09 23:43:19,158 INFO 5952 [egg:logger] init all loggers with options: {"dir":"C:\\Users\\Spana\\Desktop\\Sunxy\\Sunxy-EC-Application\\logs\\demo","encoding":"utf8","env":"local","level":"INFO","consoleLevel":"INFO","disableConsoleAfterReady":false,"outputJSON":false,"buffer":true,"appLogName":"demo-web.log","coreLogName":"egg-web.log","agentLogName":"egg-agent.log","errorLogName":"common-error.log","coreLogger":{"consoleLevel":"WARN"},"allowDebugAtProd":false,"type":"application"}
2021-08-09 23:43:19,188 INFO 5952 [egg-multipart] stream mode enable
2021-08-09 23:43:19,652 INFO 5952 [egg-static] starting static serve /public/ -> C:\Users\Spana\Desktop\Sunxy\Sunxy-EC-Application\app\public
2021-08-09 23:43:19,655 INFO 5952 [egg-security] use methodnoallow middleware
2021-08-09 23:43:19,656 INFO 5952 [egg-security] use noopen middleware
2021-08-09 23:43:19,657 INFO 5952 [egg-security] use nosniff middleware
2021-08-09 23:43:19,658 INFO 5952 [egg-security] use xssProtection middleware
2021-08-09 23:43:19,659 INFO 5952 [egg-security] use xframe middleware
2021-08-09 23:43:19,659 INFO 5952 [egg-security] use dta middleware
2021-08-09 23:43:19,659 INFO 5952 [egg-security] compose 6 middlewares into one security middleware
2021-08-09 23:43:19,675 INFO 5952 [egg:core] dump config after load, 5ms
2021-08-09 23:43:19,720 INFO 5952 [egg-watcher:application] watcher start success
2021-08-09 23:43:19,795 INFO 5952 [egg:core] dump config after ready, 6ms
2021-08-09 23:45:01,098 INFO 3760 [egg:logger] init all loggers with options: {"dir":"C:\\Users\\Spana\\Desktop\\Sunxy\\Sunxy-EC-Application\\logs\\demo","encoding":"utf8","env":"local","level":"INFO","consoleLevel":"INFO","disableConsoleAfterReady":false,"outputJSON":false,"buffer":true,"appLogName":"demo-web.log","coreLogName":"egg-web.log","agentLogName":"egg-agent.log","errorLogName":"common-error.log","coreLogger":{"consoleLevel":"WARN"},"allowDebugAtProd":false,"type":"application"}
2021-08-09 23:45:01,136 INFO 3760 [egg-multipart] stream mode enable
2021-08-09 23:45:01,685 INFO 3760 [egg-static] starting static serve /public/ -> C:\Users\Spana\Desktop\Sunxy\Sunxy-EC-Application\app\public
2021-08-09 23:45:01,687 INFO 3760 [egg-security] use methodnoallow middleware
2021-08-09 23:45:01,688 INFO 3760 [egg-security] use noopen middleware
2021-08-09 23:45:01,689 INFO 3760 [egg-security] use nosniff middleware
2021-08-09 23:45:01,690 INFO 3760 [egg-security] use xssProtection middleware
2021-08-09 23:45:01,691 INFO 3760 [egg-security] use xframe middleware
2021-08-09 23:45:01,692 INFO 3760 [egg-security] use dta middleware
2021-08-09 23:45:01,692 INFO 3760 [egg-security] compose 6 middlewares into one security middleware
2021-08-09 23:45:01,709 INFO 3760 [egg:core] dump config after load, 5ms
2021-08-09 23:45:01,755 INFO 3760 [egg-watcher:application] watcher start success
2021-08-09 23:45:01,800 INFO 3760 [egg:core] dump config after ready, 6ms
2021-08-09 23:45:21,022 INFO 15528 [egg:logger] init all loggers with options: {"dir":"C:\\Users\\Spana\\Desktop\\Sunxy\\Sunxy-EC-Application\\logs\\demo","encoding":"utf8","env":"local","level":"INFO","consoleLevel":"INFO","disableConsoleAfterReady":false,"outputJSON":false,"buffer":true,"appLogName":"demo-web.log","coreLogName":"egg-web.log","agentLogName":"egg-agent.log","errorLogName":"common-error.log","coreLogger":{"consoleLevel":"WARN"},"allowDebugAtProd":false,"type":"application"}
2021-08-09 23:45:21,054 INFO 15528 [egg-multipart] stream mode enable
2021-08-09 23:45:21,533 INFO 15528 [egg-static] starting static serve /public/ -> C:\Users\Spana\Desktop\Sunxy\Sunxy-EC-Application\app\public
2021-08-09 23:45:21,535 INFO 15528 [egg-security] use methodnoallow middleware
2021-08-09 23:45:21,536 INFO 15528 [egg-security] use noopen middleware
2021-08-09 23:45:21,537 INFO 15528 [egg-security] use nosniff middleware
2021-08-09 23:45:21,538 INFO 15528 [egg-security] use xssProtection middleware
2021-08-09 23:45:21,539 INFO 15528 [egg-security] use xframe middleware
2021-08-09 23:45:21,539 INFO 15528 [egg-security] use dta middleware
2021-08-09 23:45:21,540 INFO 15528 [egg-security] compose 6 middlewares into one security middleware
2021-08-09 23:45:21,556 INFO 15528 [egg:core] dump config after load, 6ms
2021-08-09 23:45:21,602 INFO 15528 [egg-watcher:application] watcher start success
2021-08-09 23:45:21,644 INFO 15528 [egg:core] dump config after ready, 6ms
2021-08-09 23:45:39,715 INFO 17184 [egg:logger] init all loggers with options: {"dir":"C:\\Users\\Spana\\Desktop\\Sunxy\\Sunxy-EC-Application\\logs\\demo","encoding":"utf8","env":"local","level":"INFO","consoleLevel":"INFO","disableConsoleAfterReady":false,"outputJSON":false,"buffer":true,"appLogName":"demo-web.log","coreLogName":"egg-web.log","agentLogName":"egg-agent.log","errorLogName":"common-error.log","coreLogger":{"consoleLevel":"WARN"},"allowDebugAtProd":false,"type":"application"}
2021-08-09 23:45:39,748 INFO 17184 [egg-multipart] stream mode enable
2021-08-09 23:45:40,217 INFO 17184 [egg-static] starting static serve /public/ -> C:\Users\Spana\Desktop\Sunxy\Sunxy-EC-Application\app\public
2021-08-09 23:45:40,219 INFO 17184 [egg-security] use methodnoallow middleware
2021-08-09 23:45:40,220 INFO 17184 [egg-security] use noopen middleware
2021-08-09 23:45:40,221 INFO 17184 [egg-security] use nosniff middleware
2021-08-09 23:45:40,223 INFO 17184 [egg-security] use xssProtection middleware
2021-08-09 23:45:40,224 INFO 17184 [egg-security] use xframe middleware
2021-08-09 23:45:40,225 INFO 17184 [egg-security] use dta middleware
2021-08-09 23:45:40,225 INFO 17184 [egg-security] compose 6 middlewares into one security middleware
2021-08-09 23:45:40,241 INFO 17184 [egg:core] dump config after load, 6ms
2021-08-09 23:45:40,287 INFO 17184 [egg-watcher:application] watcher start success
2021-08-09 23:45:40,327 INFO 17184 [egg:core] dump config after ready, 7ms
2021-08-09 23:45:52,327 INFO 9400 [egg:logger] init all loggers with options: {"dir":"C:\\Users\\Spana\\Desktop\\Sunxy\\Sunxy-EC-Application\\logs\\demo","encoding":"utf8","env":"local","level":"INFO","consoleLevel":"INFO","disableConsoleAfterReady":false,"outputJSON":false,"buffer":true,"appLogName":"demo-web.log","coreLogName":"egg-web.log","agentLogName":"egg-agent.log","errorLogName":"common-error.log","coreLogger":{"consoleLevel":"WARN"},"allowDebugAtProd":false,"type":"application"}
2021-08-09 23:45:52,357 INFO 9400 [egg-multipart] stream mode enable
2021-08-09 23:45:52,823 INFO 9400 [egg-static] starting static serve /public/ -> C:\Users\Spana\Desktop\Sunxy\Sunxy-EC-Application\app\public
2021-08-09 23:45:52,826 INFO 9400 [egg-security] use methodnoallow middleware
2021-08-09 23:45:52,827 INFO 9400 [egg-security] use noopen middleware
2021-08-09 23:45:52,828 INFO 9400 [egg-security] use nosniff middleware
2021-08-09 23:45:52,829 INFO 9400 [egg-security] use xssProtection middleware
2021-08-09 23:45:52,830 INFO 9400 [egg-security] use xframe middleware
2021-08-09 23:45:52,831 INFO 9400 [egg-security] use dta middleware
2021-08-09 23:45:52,831 INFO 9400 [egg-security] compose 6 middlewares into one security middleware
2021-08-09 23:45:52,847 INFO 9400 [egg:core] dump config after load, 5ms
2021-08-09 23:45:52,894 INFO 9400 [egg-watcher:application] watcher start success
2021-08-09 23:45:52,933 INFO 9400 [egg:core] dump config after ready, 6ms
2021-08-09 23:46:08,740 INFO 17340 [egg:logger] init all loggers with options: {"dir":"C:\\Users\\Spana\\Desktop\\Sunxy\\Sunxy-EC-Application\\logs\\demo","encoding":"utf8","env":"local","level":"INFO","consoleLevel":"INFO","disableConsoleAfterReady":false,"outputJSON":false,"buffer":true,"appLogName":"demo-web.log","coreLogName":"egg-web.log","agentLogName":"egg-agent.log","errorLogName":"common-error.log","coreLogger":{"consoleLevel":"WARN"},"allowDebugAtProd":false,"type":"application"}
2021-08-09 23:46:08,772 INFO 17340 [egg-multipart] stream mode enable
2021-08-09 23:46:09,256 INFO 17340 [egg-static] starting static serve /public/ -> C:\Users\Spana\Desktop\Sunxy\Sunxy-EC-Application\app\public
2021-08-09 23:46:09,258 INFO 17340 [egg-security] use methodnoallow middleware
2021-08-09 23:46:09,259 INFO 17340 [egg-security] use noopen middleware
2021-08-09 23:46:09,260 INFO 17340 [egg-security] use nosniff middleware
2021-08-09 23:46:09,261 INFO 17340 [egg-security] use xssProtection middleware
2021-08-09 23:46:09,262 INFO 17340 [egg-security] use xframe middleware
2021-08-09 23:46:09,263 INFO 17340 [egg-security] use dta middleware
2021-08-09 23:46:09,263 INFO 17340 [egg-security] compose 6 middlewares into one security middleware
2021-08-09 23:46:09,278 INFO 17340 [egg:core] dump config after load, 5ms
2021-08-09 23:46:09,324 INFO 17340 [egg-watcher:application] watcher start success
2021-08-09 23:46:09,364 INFO 17340 [egg:core] dump config after ready, 6ms
